{"C:\\Users\\chous\\odyssey\\frontend\\lib\\globals.ts": {"path":"C:\\Users\\chous\\odyssey\\frontend\\lib\\globals.ts","statementMap":{"0":{"start":{"line":1,"column":0},"end":{"line":1,"column":null}},"1":{"start":{"line":2,"column":2},"end":{"line":2,"column":null}},"2":{"start":{"line":3,"column":2},"end":{"line":3,"column":null}},"3":{"start":{"line":4,"column":2},"end":{"line":4,"column":null}},"4":{"start":{"line":5,"column":2},"end":{"line":5,"column":null}},"5":{"start":{"line":6,"column":2},"end":{"line":6,"column":null}},"6":{"start":{"line":7,"column":2},"end":{"line":7,"column":null}},"7":{"start":{"line":8,"column":2},"end":{"line":8,"column":null}},"8":{"start":{"line":11,"column":0},"end":{"line":11,"column":null}},"9":{"start":{"line":12,"column":2},"end":{"line":12,"column":null}},"10":{"start":{"line":13,"column":2},"end":{"line":13,"column":null}},"11":{"start":{"line":14,"column":2},"end":{"line":14,"column":null}},"12":{"start":{"line":15,"column":2},"end":{"line":15,"column":null}},"13":{"start":{"line":16,"column":2},"end":{"line":16,"column":null}},"14":{"start":{"line":17,"column":2},"end":{"line":17,"column":null}},"15":{"start":{"line":20,"column":0},"end":{"line":20,"column":null}},"16":{"start":{"line":21,"column":2},"end":{"line":21,"column":null}},"17":{"start":{"line":22,"column":2},"end":{"line":22,"column":null}},"18":{"start":{"line":23,"column":2},"end":{"line":23,"column":null}},"19":{"start":{"line":24,"column":2},"end":{"line":24,"column":null}},"20":{"start":{"line":25,"column":2},"end":{"line":25,"column":null}},"21":{"start":{"line":28,"column":13},"end":{"line":31,"column":2}},"22":{"start":{"line":37,"column":13},"end":{"line":49,"column":2}},"23":{"start":{"line":51,"column":13},"end":{"line":51,"column":71}},"24":{"start":{"line":58,"column":13},"end":{"line":91,"column":2}},"25":{"start":{"line":107,"column":13},"end":{"line":130,"column":2}},"26":{"start":{"line":132,"column":13},"end":{"line":132,"column":54}}},"fnMap":{"0":{"name":"(anonymous_0)","decl":{"start":{"line":1,"column":0},"end":{"line":1,"column":12}},"loc":{"start":{"line":1,"column":35},"end":{"line":9,"column":1}}},"1":{"name":"(anonymous_1)","decl":{"start":{"line":11,"column":0},"end":{"line":11,"column":12}},"loc":{"start":{"line":11,"column":33},"end":{"line":18,"column":1}}},"2":{"name":"(anonymous_2)","decl":{"start":{"line":20,"column":0},"end":{"line":20,"column":12}},"loc":{"start":{"line":20,"column":25},"end":{"line":26,"column":1}}}},"branchMap":{"0":{"loc":{"start":{"line":1,"column":12},"end":{"line":1,"column":null}},"type":"binary-expr","locations":[{"start":{"line":1,"column":12},"end":{"line":1,"column":35}},{"start":{"line":1,"column":35},"end":{"line":1,"column":null}}]},"1":{"loc":{"start":{"line":11,"column":12},"end":{"line":11,"column":null}},"type":"binary-expr","locations":[{"start":{"line":11,"column":12},"end":{"line":11,"column":33}},{"start":{"line":11,"column":33},"end":{"line":11,"column":null}}]},"2":{"loc":{"start":{"line":20,"column":12},"end":{"line":20,"column":null}},"type":"binary-expr","locations":[{"start":{"line":20,"column":12},"end":{"line":20,"column":25}},{"start":{"line":20,"column":25},"end":{"line":20,"column":null}}]}},"s":{"0":1,"1":1,"2":1,"3":1,"4":1,"5":1,"6":1,"7":1,"8":1,"9":1,"10":1,"11":1,"12":1,"13":1,"14":1,"15":1,"16":1,"17":1,"18":1,"19":1,"20":1,"21":1,"22":1,"23":1,"24":1,"25":1,"26":1},"f":{"0":1,"1":1,"2":1},"b":{"0":[1,1],"1":[1,1],"2":[1,1]}}
,"C:\\Users\\chous\\odyssey\\frontend\\lib\\requests\\authorized-user-roles.ts": {"path":"C:\\Users\\chous\\odyssey\\frontend\\lib\\requests\\authorized-user-roles.ts","statementMap":{"0":{"start":{"line":5,"column":0},"end":{"line":5,"column":7}},"1":{"start":{"line":1,"column":0},"end":{"line":1,"column":39}},"2":{"start":{"line":9,"column":15},"end":{"line":9,"column":39}},"3":{"start":{"line":10,"column":20},"end":{"line":22,"column":4}},"4":{"start":{"line":24,"column":2},"end":{"line":26,"column":4}},"5":{"start":{"line":25,"column":15},"end":{"line":25,"column":26}}},"fnMap":{"0":{"name":"getAuthorizedUserRoleIdByTitle","decl":{"start":{"line":5,"column":22},"end":{"line":5,"column":52}},"loc":{"start":{"line":7,"column":71},"end":{"line":27,"column":1}}},"1":{"name":"(anonymous_1)","decl":{"start":{"line":25,"column":4},"end":{"line":25,"column":5}},"loc":{"start":{"line":25,"column":15},"end":{"line":25,"column":26}}}},"branchMap":{"0":{"loc":{"start":{"line":7,"column":2},"end":{"line":7,"column":71}},"type":"default-arg","locations":[{"start":{"line":7,"column":69},"end":{"line":7,"column":71}}]},"1":{"loc":{"start":{"line":7,"column":29},"end":{"line":7,"column":43}},"type":"default-arg","locations":[{"start":{"line":7,"column":38},"end":{"line":7,"column":43}}]}},"s":{"0":1,"1":1,"2":2,"3":2,"4":2,"5":1},"f":{"0":2,"1":1},"b":{"0":[2],"1":[2]}}
,"C:\\Users\\chous\\odyssey\\frontend\\lib\\requests\\authorized-user.ts": {"path":"C:\\Users\\chous\\odyssey\\frontend\\lib\\requests\\authorized-user.ts","statementMap":{"0":{"start":{"line":15,"column":0},"end":{"line":15,"column":7}},"1":{"start":{"line":97,"column":0},"end":{"line":97,"column":7}},"2":{"start":{"line":134,"column":0},"end":{"line":134,"column":7}},"3":{"start":{"line":194,"column":0},"end":{"line":194,"column":7}},"4":{"start":{"line":247,"column":0},"end":{"line":247,"column":7}},"5":{"start":{"line":277,"column":0},"end":{"line":277,"column":7}},"6":{"start":{"line":1,"column":0},"end":{"line":1,"column":58}},"7":{"start":{"line":4,"column":0},"end":{"line":4,"column":20}},"8":{"start":{"line":6,"column":35},"end":{"line":6,"column":73}},"9":{"start":{"line":7,"column":28},"end":{"line":7,"column":59}},"10":{"start":{"line":77,"column":15},"end":{"line":77,"column":34}},"11":{"start":{"line":78,"column":20},"end":{"line":90,"column":4}},"12":{"start":{"line":92,"column":2},"end":{"line":94,"column":4}},"13":{"start":{"line":93,"column":25},"end":{"line":93,"column":43}},"14":{"start":{"line":98,"column":2},"end":{"line":131,"column":3}},"15":{"start":{"line":99,"column":18},"end":{"line":117,"column":6}},"16":{"start":{"line":118,"column":21},"end":{"line":123,"column":null}},"17":{"start":{"line":125,"column":17},"end":{"line":125,"column":38}},"18":{"start":{"line":126,"column":28},"end":{"line":126,"column":56}},"19":{"start":{"line":127,"column":4},"end":{"line":127,"column":27}},"20":{"start":{"line":129,"column":4},"end":{"line":129,"column":44}},"21":{"start":{"line":130,"column":4},"end":{"line":130,"column":62}},"22":{"start":{"line":135,"column":2},"end":{"line":191,"column":3}},"23":{"start":{"line":136,"column":18},"end":{"line":178,"column":6}},"24":{"start":{"line":179,"column":21},"end":{"line":184,"column":null}},"25":{"start":{"line":186,"column":17},"end":{"line":186,"column":38}},"26":{"start":{"line":187,"column":4},"end":{"line":187,"column":40}},"27":{"start":{"line":189,"column":4},"end":{"line":189,"column":44}},"28":{"start":{"line":190,"column":4},"end":{"line":190,"column":57}},"29":{"start":{"line":195,"column":2},"end":{"line":244,"column":3}},"30":{"start":{"line":196,"column":18},"end":{"line":231,"column":6}},"31":{"start":{"line":232,"column":21},"end":{"line":237,"column":null}},"32":{"start":{"line":239,"column":17},"end":{"line":239,"column":38}},"33":{"start":{"line":240,"column":4},"end":{"line":240,"column":40}},"34":{"start":{"line":242,"column":4},"end":{"line":242,"column":44}},"35":{"start":{"line":243,"column":4},"end":{"line":243,"column":57}},"36":{"start":{"line":248,"column":2},"end":{"line":274,"column":3}},"37":{"start":{"line":249,"column":18},"end":{"line":260,"column":6}},"38":{"start":{"line":261,"column":21},"end":{"line":266,"column":null}},"39":{"start":{"line":268,"column":17},"end":{"line":268,"column":38}},"40":{"start":{"line":269,"column":28},"end":{"line":269,"column":56}},"41":{"start":{"line":270,"column":4},"end":{"line":270,"column":73}},"42":{"start":{"line":272,"column":4},"end":{"line":272,"column":44}},"43":{"start":{"line":273,"column":4},"end":{"line":273,"column":62}},"44":{"start":{"line":278,"column":2},"end":{"line":300,"column":3}},"45":{"start":{"line":279,"column":18},"end":{"line":286,"column":6}},"46":{"start":{"line":288,"column":21},"end":{"line":293,"column":null}},"47":{"start":{"line":295,"column":17},"end":{"line":295,"column":38}},"48":{"start":{"line":296,"column":28},"end":{"line":296,"column":56}},"49":{"start":{"line":297,"column":4},"end":{"line":297,"column":27}},"50":{"start":{"line":299,"column":4},"end":{"line":299,"column":57}}},"fnMap":{"0":{"name":"getAuthorizedUserByEmail","decl":{"start":{"line":15,"column":22},"end":{"line":15,"column":46}},"loc":{"start":{"line":75,"column":29},"end":{"line":95,"column":1}}},"1":{"name":"(anonymous_2)","decl":{"start":{"line":93,"column":4},"end":{"line":93,"column":5}},"loc":{"start":{"line":93,"column":25},"end":{"line":93,"column":43}}},"2":{"name":"fetchAuthorizedUsers","decl":{"start":{"line":97,"column":22},"end":{"line":97,"column":42}},"loc":{"start":{"line":97,"column":42},"end":{"line":132,"column":1}}},"3":{"name":"fetchContentCreators","decl":{"start":{"line":134,"column":22},"end":{"line":134,"column":42}},"loc":{"start":{"line":134,"column":42},"end":{"line":192,"column":1}}},"4":{"name":"fetchWebsiteCreators","decl":{"start":{"line":194,"column":22},"end":{"line":194,"column":42}},"loc":{"start":{"line":194,"column":42},"end":{"line":245,"column":1}}},"5":{"name":"fetchIsAuthorizedUser","decl":{"start":{"line":247,"column":22},"end":{"line":247,"column":43}},"loc":{"start":{"line":247,"column":57},"end":{"line":275,"column":1}}},"6":{"name":"getAllAuthorizedUsers","decl":{"start":{"line":277,"column":22},"end":{"line":277,"column":43}},"loc":{"start":{"line":277,"column":43},"end":{"line":301,"column":1}}}},"branchMap":{"0":{"loc":{"start":{"line":19,"column":2},"end":{"line":75,"column":29}},"type":"default-arg","locations":[{"start":{"line":75,"column":27},"end":{"line":75,"column":29}}]},"1":{"loc":{"start":{"line":22,"column":4},"end":{"line":73,"column":null}},"type":"default-arg","locations":[{"start":{"line":22,"column":15},"end":{"line":73,"column":null}}]},"2":{"loc":{"start":{"line":74,"column":4},"end":{"line":74,"column":68}},"type":"default-arg","locations":[{"start":{"line":74,"column":13},"end":{"line":74,"column":68}}]},"3":{"loc":{"start":{"line":270,"column":11},"end":{"line":270,"column":72}},"type":"binary-expr","locations":[{"start":{"line":270,"column":11},"end":{"line":270,"column":37}},{"start":{"line":270,"column":41},"end":{"line":270,"column":72}}]}},"s":{"0":1,"1":1,"2":1,"3":1,"4":1,"5":1,"6":1,"7":1,"8":1,"9":1,"10":1,"11":1,"12":1,"13":1,"14":2,"15":2,"16":2,"17":1,"18":1,"19":1,"20":1,"21":1,"22":2,"23":2,"24":2,"25":1,"26":1,"27":1,"28":1,"29":2,"30":2,"31":2,"32":1,"33":1,"34":1,"35":1,"36":3,"37":3,"38":3,"39":2,"40":2,"41":2,"42":1,"43":1,"44":2,"45":2,"46":2,"47":1,"48":1,"49":1,"50":1},"f":{"0":1,"1":1,"2":2,"3":2,"4":2,"5":3,"6":2},"b":{"0":[1],"1":[1],"2":[1],"3":[2,1]}}
,"C:\\Users\\chous\\odyssey\\frontend\\lib\\requests\\data.ts": {"path":"C:\\Users\\chous\\odyssey\\frontend\\lib\\requests\\data.ts","statementMap":{"0":{"start":{"line":7,"column":0},"end":{"line":7,"column":7}},"1":{"start":{"line":33,"column":0},"end":{"line":33,"column":7}},"2":{"start":{"line":79,"column":0},"end":{"line":79,"column":7}},"3":{"start":{"line":112,"column":0},"end":{"line":112,"column":7}},"4":{"start":{"line":1,"column":0},"end":{"line":1,"column":48}},"5":{"start":{"line":2,"column":0},"end":{"line":2,"column":20}},"6":{"start":{"line":4,"column":35},"end":{"line":4,"column":73}},"7":{"start":{"line":5,"column":28},"end":{"line":5,"column":59}},"8":{"start":{"line":8,"column":2},"end":{"line":30,"column":3}},"9":{"start":{"line":9,"column":18},"end":{"line":16,"column":6}},"10":{"start":{"line":17,"column":21},"end":{"line":22,"column":null}},"11":{"start":{"line":24,"column":17},"end":{"line":24,"column":38}},"12":{"start":{"line":25,"column":21},"end":{"line":25,"column":49}},"13":{"start":{"line":26,"column":4},"end":{"line":26,"column":20}},"14":{"start":{"line":28,"column":4},"end":{"line":28,"column":44}},"15":{"start":{"line":29,"column":4},"end":{"line":29,"column":62}},"16":{"start":{"line":34,"column":2},"end":{"line":76,"column":3}},"17":{"start":{"line":35,"column":18},"end":{"line":56,"column":6}},"18":{"start":{"line":58,"column":21},"end":{"line":63,"column":null}},"19":{"start":{"line":66,"column":4},"end":{"line":68,"column":5}},"20":{"start":{"line":67,"column":6},"end":{"line":67,"column":49}},"21":{"start":{"line":70,"column":17},"end":{"line":70,"column":38}},"22":{"start":{"line":71,"column":19},"end":{"line":71,"column":47}},"23":{"start":{"line":72,"column":4},"end":{"line":72,"column":18}},"24":{"start":{"line":74,"column":4},"end":{"line":74,"column":44}},"25":{"start":{"line":75,"column":4},"end":{"line":75,"column":47}},"26":{"start":{"line":80,"column":2},"end":{"line":109,"column":3}},"27":{"start":{"line":81,"column":18},"end":{"line":95,"column":6}},"28":{"start":{"line":96,"column":21},"end":{"line":101,"column":null}},"29":{"start":{"line":103,"column":17},"end":{"line":103,"column":38}},"30":{"start":{"line":104,"column":27},"end":{"line":104,"column":55}},"31":{"start":{"line":105,"column":4},"end":{"line":105,"column":26}},"32":{"start":{"line":107,"column":4},"end":{"line":107,"column":44}},"33":{"start":{"line":108,"column":4},"end":{"line":108,"column":61}},"34":{"start":{"line":113,"column":2},"end":{"line":135,"column":3}},"35":{"start":{"line":114,"column":18},"end":{"line":121,"column":6}},"36":{"start":{"line":122,"column":21},"end":{"line":127,"column":null}},"37":{"start":{"line":129,"column":17},"end":{"line":129,"column":38}},"38":{"start":{"line":130,"column":20},"end":{"line":130,"column":48}},"39":{"start":{"line":131,"column":4},"end":{"line":131,"column":19}},"40":{"start":{"line":133,"column":4},"end":{"line":133,"column":44}},"41":{"start":{"line":134,"column":4},"end":{"line":134,"column":61}}},"fnMap":{"0":{"name":"fetchDroplets","decl":{"start":{"line":7,"column":22},"end":{"line":7,"column":35}},"loc":{"start":{"line":7,"column":35},"end":{"line":31,"column":1}}},"1":{"name":"fetchGroups","decl":{"start":{"line":33,"column":22},"end":{"line":33,"column":33}},"loc":{"start":{"line":33,"column":33},"end":{"line":77,"column":1}}},"2":{"name":"fetchAccessRequests","decl":{"start":{"line":79,"column":22},"end":{"line":79,"column":41}},"loc":{"start":{"line":79,"column":41},"end":{"line":110,"column":1}}},"3":{"name":"fetchReports","decl":{"start":{"line":112,"column":22},"end":{"line":112,"column":34}},"loc":{"start":{"line":112,"column":34},"end":{"line":136,"column":1}}}},"branchMap":{"0":{"loc":{"start":{"line":66,"column":4},"end":{"line":68,"column":5}},"type":"if","locations":[{"start":{"line":66,"column":4},"end":{"line":68,"column":5}}]}},"s":{"0":1,"1":1,"2":1,"3":1,"4":1,"5":1,"6":1,"7":1,"8":2,"9":2,"10":2,"11":1,"12":1,"13":1,"14":1,"15":1,"16":3,"17":3,"18":3,"19":2,"20":1,"21":1,"22":1,"23":1,"24":2,"25":2,"26":2,"27":2,"28":2,"29":1,"30":1,"31":1,"32":1,"33":1,"34":2,"35":2,"36":2,"37":1,"38":1,"39":1,"40":1,"41":1},"f":{"0":2,"1":3,"2":2,"3":2},"b":{"0":[1]}}
,"C:\\Users\\chous\\odyssey\\frontend\\lib\\requests\\droplet.ts": {"path":"C:\\Users\\chous\\odyssey\\frontend\\lib\\requests\\droplet.ts","statementMap":{"0":{"start":{"line":12,"column":0},"end":{"line":12,"column":7}},"1":{"start":{"line":44,"column":0},"end":{"line":44,"column":7}},"2":{"start":{"line":123,"column":0},"end":{"line":123,"column":7}},"3":{"start":{"line":150,"column":0},"end":{"line":150,"column":7}},"4":{"start":{"line":5,"column":0},"end":{"line":5,"column":36}},"5":{"start":{"line":24,"column":15},"end":{"line":24,"column":26}},"6":{"start":{"line":25,"column":20},"end":{"line":31,"column":4}},"7":{"start":{"line":32,"column":17},"end":{"line":34,"column":4}},"8":{"start":{"line":35,"column":2},"end":{"line":35,"column":16}},"9":{"start":{"line":53,"column":15},"end":{"line":53,"column":26}},"10":{"start":{"line":54,"column":20},"end":{"line":69,"column":4}},"11":{"start":{"line":71,"column":2},"end":{"line":73,"column":37}},"12":{"start":{"line":73,"column":24},"end":{"line":73,"column":35}},"13":{"start":{"line":132,"column":15},"end":{"line":132,"column":32}},"14":{"start":{"line":133,"column":20},"end":{"line":142,"column":4}},"15":{"start":{"line":144,"column":2},"end":{"line":146,"column":32}},"16":{"start":{"line":146,"column":23},"end":{"line":146,"column":30}},"17":{"start":{"line":151,"column":2},"end":{"line":153,"column":5}}},"fnMap":{"0":{"name":"getDroplets","decl":{"start":{"line":12,"column":22},"end":{"line":12,"column":33}},"loc":{"start":{"line":23,"column":27},"end":{"line":36,"column":1}}},"1":{"name":"getDropletBySlug","decl":{"start":{"line":44,"column":22},"end":{"line":44,"column":38}},"loc":{"start":{"line":51,"column":29},"end":{"line":74,"column":1}}},"2":{"name":"(anonymous_2)","decl":{"start":{"line":73,"column":10},"end":{"line":73,"column":11}},"loc":{"start":{"line":73,"column":24},"end":{"line":73,"column":35}}},"3":{"name":"getDropletById","decl":{"start":{"line":123,"column":22},"end":{"line":123,"column":36}},"loc":{"start":{"line":130,"column":29},"end":{"line":147,"column":1}}},"4":{"name":"(anonymous_4)","decl":{"start":{"line":146,"column":10},"end":{"line":146,"column":11}},"loc":{"start":{"line":146,"column":23},"end":{"line":146,"column":30}}},"5":{"name":"getDraftDroplets","decl":{"start":{"line":150,"column":22},"end":{"line":150,"column":38}},"loc":{"start":{"line":150,"column":38},"end":{"line":154,"column":1}}}},"branchMap":{"0":{"loc":{"start":{"line":12,"column":34},"end":{"line":23,"column":27}},"type":"default-arg","locations":[{"start":{"line":23,"column":25},"end":{"line":23,"column":27}}]},"1":{"loc":{"start":{"line":14,"column":2},"end":{"line":14,"column":31}},"type":"default-arg","locations":[{"start":{"line":14,"column":12},"end":{"line":14,"column":31}}]},"2":{"loc":{"start":{"line":15,"column":2},"end":{"line":15,"column":41}},"type":"default-arg","locations":[{"start":{"line":15,"column":15},"end":{"line":15,"column":41}}]},"3":{"loc":{"start":{"line":16,"column":2},"end":{"line":21,"column":null}},"type":"default-arg","locations":[{"start":{"line":16,"column":13},"end":{"line":21,"column":null}}]},"4":{"loc":{"start":{"line":22,"column":2},"end":{"line":22,"column":76}},"type":"default-arg","locations":[{"start":{"line":22,"column":11},"end":{"line":22,"column":76}}]},"5":{"loc":{"start":{"line":46,"column":2},"end":{"line":51,"column":29}},"type":"default-arg","locations":[{"start":{"line":51,"column":27},"end":{"line":51,"column":29}}]},"6":{"loc":{"start":{"line":49,"column":4},"end":{"line":49,"column":28}},"type":"default-arg","locations":[{"start":{"line":49,"column":15},"end":{"line":49,"column":28}}]},"7":{"loc":{"start":{"line":50,"column":4},"end":{"line":50,"column":30}},"type":"default-arg","locations":[{"start":{"line":50,"column":13},"end":{"line":50,"column":30}}]},"8":{"loc":{"start":{"line":58,"column":10},"end":{"line":58,"column":69}},"type":"cond-expr","locations":[{"start":{"line":58,"column":41},"end":{"line":58,"column":49}},{"start":{"line":58,"column":52},"end":{"line":58,"column":69}}]},"9":{"loc":{"start":{"line":125,"column":2},"end":{"line":130,"column":29}},"type":"default-arg","locations":[{"start":{"line":130,"column":27},"end":{"line":130,"column":29}}]},"10":{"loc":{"start":{"line":128,"column":4},"end":{"line":128,"column":28}},"type":"default-arg","locations":[{"start":{"line":128,"column":15},"end":{"line":128,"column":28}}]},"11":{"loc":{"start":{"line":129,"column":4},"end":{"line":129,"column":30}},"type":"default-arg","locations":[{"start":{"line":129,"column":13},"end":{"line":129,"column":30}}]}},"s":{"0":1,"1":1,"2":1,"3":1,"4":1,"5":4,"6":4,"7":4,"8":2,"9":2,"10":2,"11":2,"12":1,"13":2,"14":2,"15":2,"16":1,"17":2},"f":{"0":4,"1":2,"2":1,"3":2,"4":1,"5":2},"b":{"0":[2],"1":[2],"2":[4],"3":[4],"4":[4],"5":[2],"6":[2],"7":[2],"8":[2,0],"9":[2],"10":[2],"11":[2]}}
,"C:\\Users\\chous\\odyssey\\frontend\\lib\\requests\\enrollment.ts": {"path":"C:\\Users\\chous\\odyssey\\frontend\\lib\\requests\\enrollment.ts","statementMap":{"0":{"start":{"line":17,"column":0},"end":{"line":17,"column":7}},"1":{"start":{"line":63,"column":0},"end":{"line":63,"column":7}},"2":{"start":{"line":99,"column":0},"end":{"line":99,"column":7}},"3":{"start":{"line":125,"column":0},"end":{"line":125,"column":7}},"4":{"start":{"line":171,"column":0},"end":{"line":171,"column":7}},"5":{"start":{"line":205,"column":0},"end":{"line":205,"column":7}},"6":{"start":{"line":5,"column":0},"end":{"line":5,"column":36}},"7":{"start":{"line":7,"column":0},"end":{"line":7,"column":52}},"8":{"start":{"line":9,"column":0},"end":{"line":9,"column":44}},"9":{"start":{"line":38,"column":15},"end":{"line":38,"column":29}},"10":{"start":{"line":39,"column":20},"end":{"line":47,"column":4}},"11":{"start":{"line":49,"column":2},"end":{"line":53,"column":5}},"12":{"start":{"line":68,"column":15},"end":{"line":68,"column":29}},"13":{"start":{"line":69,"column":20},"end":{"line":84,"column":4}},"14":{"start":{"line":86,"column":2},"end":{"line":88,"column":4}},"15":{"start":{"line":87,"column":21},"end":{"line":87,"column":43}},"16":{"start":{"line":103,"column":15},"end":{"line":103,"column":29}},"17":{"start":{"line":104,"column":20},"end":{"line":116,"column":4}},"18":{"start":{"line":117,"column":2},"end":{"line":123,"column":3}},"19":{"start":{"line":118,"column":24},"end":{"line":118,"column":73}},"20":{"start":{"line":119,"column":4},"end":{"line":119,"column":47}},"21":{"start":{"line":121,"column":4},"end":{"line":121,"column":63}},"22":{"start":{"line":122,"column":4},"end":{"line":122,"column":17}},"23":{"start":{"line":129,"column":2},"end":{"line":163,"column":3}},"24":{"start":{"line":130,"column":17},"end":{"line":130,"column":39}},"25":{"start":{"line":131,"column":4},"end":{"line":133,"column":5}},"26":{"start":{"line":132,"column":6},"end":{"line":132,"column":48}},"27":{"start":{"line":135,"column":21},"end":{"line":149,"column":null}},"28":{"start":{"line":152,"column":4},"end":{"line":154,"column":5}},"29":{"start":{"line":153,"column":6},"end":{"line":153,"column":53}},"30":{"start":{"line":156,"column":4},"end":{"line":156,"column":40}},"31":{"start":{"line":157,"column":4},"end":{"line":157,"column":41}},"32":{"start":{"line":159,"column":4},"end":{"line":159,"column":29}},"33":{"start":{"line":161,"column":4},"end":{"line":161,"column":61}},"34":{"start":{"line":162,"column":4},"end":{"line":162,"column":66}},"35":{"start":{"line":175,"column":15},"end":{"line":175,"column":29}},"36":{"start":{"line":176,"column":20},"end":{"line":188,"column":4}},"37":{"start":{"line":190,"column":2},"end":{"line":197,"column":3}},"38":{"start":{"line":191,"column":4},"end":{"line":193,"column":45}},"39":{"start":{"line":193,"column":29},"end":{"line":193,"column":43}},"40":{"start":{"line":195,"column":4},"end":{"line":195,"column":62}},"41":{"start":{"line":196,"column":4},"end":{"line":196,"column":50}},"42":{"start":{"line":208,"column":15},"end":{"line":208,"column":29}},"43":{"start":{"line":209,"column":20},"end":{"line":219,"column":4}},"44":{"start":{"line":221,"column":2},"end":{"line":238,"column":3}},"45":{"start":{"line":222,"column":24},"end":{"line":224,"column":6}},"46":{"start":{"line":226,"column":4},"end":{"line":228,"column":5}},"47":{"start":{"line":227,"column":6},"end":{"line":227,"column":15}},"48":{"start":{"line":230,"column":24},"end":{"line":232,"column":9}},"49":{"start":{"line":231,"column":6},"end":{"line":231,"column":44}},"50":{"start":{"line":234,"column":4},"end":{"line":234,"column":44}},"51":{"start":{"line":236,"column":4},"end":{"line":236,"column":70}},"52":{"start":{"line":237,"column":4},"end":{"line":237,"column":77}}},"fnMap":{"0":{"name":"getEnrollmentsByAuthorizedUser","decl":{"start":{"line":17,"column":22},"end":{"line":17,"column":52}},"loc":{"start":{"line":36,"column":29},"end":{"line":54,"column":1}}},"1":{"name":"getIsEnrolled","decl":{"start":{"line":63,"column":22},"end":{"line":63,"column":35}},"loc":{"start":{"line":66,"column":77},"end":{"line":89,"column":1}}},"2":{"name":"(anonymous_2)","decl":{"start":{"line":87,"column":4},"end":{"line":87,"column":5}},"loc":{"start":{"line":87,"column":21},"end":{"line":87,"column":43}}},"3":{"name":"getIsEnrollComplete","decl":{"start":{"line":99,"column":22},"end":{"line":99,"column":41}},"loc":{"start":{"line":101,"column":19},"end":{"line":124,"column":1}}},"4":{"name":"changeEnrollmentRating","decl":{"start":{"line":125,"column":22},"end":{"line":125,"column":44}},"loc":{"start":{"line":127,"column":22},"end":{"line":164,"column":1}}},"5":{"name":"getEnrollByID","decl":{"start":{"line":171,"column":22},"end":{"line":171,"column":35}},"loc":{"start":{"line":173,"column":77},"end":{"line":198,"column":1}}},"6":{"name":"(anonymous_6)","decl":{"start":{"line":193,"column":12},"end":{"line":193,"column":13}},"loc":{"start":{"line":193,"column":29},"end":{"line":193,"column":43}}},"7":{"name":"getDropletAverageRating","decl":{"start":{"line":205,"column":22},"end":{"line":205,"column":45}},"loc":{"start":{"line":206,"column":18},"end":{"line":239,"column":1}}},"8":{"name":"(anonymous_8)","decl":{"start":{"line":230,"column":43},"end":{"line":230,"column":44}},"loc":{"start":{"line":230,"column":63},"end":{"line":232,"column":5}}}},"branchMap":{"0":{"loc":{"start":{"line":19,"column":2},"end":{"line":36,"column":29}},"type":"default-arg","locations":[{"start":{"line":36,"column":27},"end":{"line":36,"column":29}}]},"1":{"loc":{"start":{"line":22,"column":4},"end":{"line":22,"column":43}},"type":"default-arg","locations":[{"start":{"line":22,"column":17},"end":{"line":22,"column":43}}]},"2":{"loc":{"start":{"line":23,"column":4},"end":{"line":34,"column":null}},"type":"default-arg","locations":[{"start":{"line":23,"column":15},"end":{"line":34,"column":null}}]},"3":{"loc":{"start":{"line":35,"column":4},"end":{"line":35,"column":72}},"type":"default-arg","locations":[{"start":{"line":35,"column":13},"end":{"line":35,"column":72}}]},"4":{"loc":{"start":{"line":66,"column":2},"end":{"line":66,"column":77}},"type":"default-arg","locations":[{"start":{"line":66,"column":75},"end":{"line":66,"column":77}}]},"5":{"loc":{"start":{"line":66,"column":19},"end":{"line":66,"column":33}},"type":"default-arg","locations":[{"start":{"line":66,"column":30},"end":{"line":66,"column":33}}]},"6":{"loc":{"start":{"line":66,"column":35},"end":{"line":66,"column":49}},"type":"default-arg","locations":[{"start":{"line":66,"column":44},"end":{"line":66,"column":49}}]},"7":{"loc":{"start":{"line":119,"column":11},"end":{"line":119,"column":46}},"type":"cond-expr","locations":[{"start":{"line":119,"column":37},"end":{"line":119,"column":41}},{"start":{"line":119,"column":41},"end":{"line":119,"column":46}}]},"8":{"loc":{"start":{"line":119,"column":11},"end":{"line":119,"column":41}},"type":"binary-expr","locations":[{"start":{"line":119,"column":11},"end":{"line":119,"column":41}},{"start":{"line":119,"column":37},"end":{"line":119,"column":41}}]},"9":{"loc":{"start":{"line":119,"column":11},"end":{"line":119,"column":37}},"type":"cond-expr","locations":[{"start":{"line":119,"column":25},"end":{"line":119,"column":27}},{"start":{"line":119,"column":25},"end":{"line":119,"column":37}}]},"10":{"loc":{"start":{"line":119,"column":11},"end":{"line":119,"column":27}},"type":"binary-expr","locations":[{"start":{"line":119,"column":11},"end":{"line":119,"column":27}},{"start":{"line":119,"column":25},"end":{"line":119,"column":27}}]},"11":{"loc":{"start":{"line":131,"column":4},"end":{"line":133,"column":5}},"type":"if","locations":[{"start":{"line":131,"column":4},"end":{"line":133,"column":5}}]},"12":{"loc":{"start":{"line":131,"column":9},"end":{"line":131,"column":20}},"type":"cond-expr","locations":[{"start":{"line":131,"column":13},"end":{"line":131,"column":15}},{"start":{"line":131,"column":9},"end":{"line":131,"column":20}}]},"13":{"loc":{"start":{"line":131,"column":9},"end":{"line":131,"column":15}},"type":"binary-expr","locations":[{"start":{"line":131,"column":9},"end":{"line":131,"column":15}},{"start":{"line":131,"column":9},"end":{"line":131,"column":15}}]},"14":{"loc":{"start":{"line":152,"column":4},"end":{"line":154,"column":5}},"type":"if","locations":[{"start":{"line":152,"column":4},"end":{"line":154,"column":5}}]},"15":{"loc":{"start":{"line":173,"column":2},"end":{"line":173,"column":77}},"type":"default-arg","locations":[{"start":{"line":173,"column":75},"end":{"line":173,"column":77}}]},"16":{"loc":{"start":{"line":173,"column":19},"end":{"line":173,"column":33}},"type":"default-arg","locations":[{"start":{"line":173,"column":30},"end":{"line":173,"column":33}}]},"17":{"loc":{"start":{"line":173,"column":35},"end":{"line":173,"column":49}},"type":"default-arg","locations":[{"start":{"line":173,"column":44},"end":{"line":173,"column":49}}]},"18":{"loc":{"start":{"line":226,"column":4},"end":{"line":228,"column":5}},"type":"if","locations":[{"start":{"line":226,"column":4},"end":{"line":228,"column":5}}]},"19":{"loc":{"start":{"line":226,"column":8},"end":{"line":226,"column":46}},"type":"binary-expr","locations":[{"start":{"line":226,"column":8},"end":{"line":226,"column":20}},{"start":{"line":226,"column":24},"end":{"line":226,"column":46}}]},"20":{"loc":{"start":{"line":231,"column":20},"end":{"line":231,"column":42}},"type":"binary-expr","locations":[{"start":{"line":231,"column":20},"end":{"line":231,"column":37}},{"start":{"line":231,"column":41},"end":{"line":231,"column":42}}]}},"s":{"0":1,"1":1,"2":1,"3":1,"4":1,"5":1,"6":1,"7":1,"8":1,"9":2,"10":2,"11":2,"12":5,"13":5,"14":5,"15":3,"16":1,"17":1,"18":1,"19":1,"20":1,"21":0,"22":0,"23":3,"24":3,"25":3,"26":2,"27":1,"28":1,"29":0,"30":1,"31":1,"32":1,"33":2,"34":2,"35":3,"36":3,"37":3,"38":3,"39":2,"40":1,"41":1,"42":4,"43":4,"44":4,"45":4,"46":3,"47":2,"48":1,"49":5,"50":1,"51":1,"52":1},"f":{"0":2,"1":5,"2":3,"3":1,"4":3,"5":3,"6":2,"7":4,"8":5},"b":{"0":[2],"1":[2],"2":[2],"3":[2],"4":[5],"5":[5],"6":[5],"7":[1,0],"8":[1,1],"9":[0,1],"10":[1,1],"11":[2],"12":[2,1],"13":[3,3],"14":[0],"15":[2],"16":[2],"17":[2],"18":[2],"19":[3,3],"20":[5,0]}}
,"C:\\Users\\chous\\odyssey\\frontend\\lib\\requests\\feed.ts": {"path":"C:\\Users\\chous\\odyssey\\frontend\\lib\\requests\\feed.ts","statementMap":{"0":{"start":{"line":11,"column":0},"end":{"line":11,"column":7}},"1":{"start":{"line":131,"column":0},"end":{"line":131,"column":7}},"2":{"start":{"line":169,"column":0},"end":{"line":169,"column":7}},"3":{"start":{"line":232,"column":0},"end":{"line":232,"column":7}},"4":{"start":{"line":270,"column":0},"end":{"line":270,"column":7}},"5":{"start":{"line":305,"column":0},"end":{"line":305,"column":7}},"6":{"start":{"line":4,"column":0},"end":{"line":4,"column":20}},"7":{"start":{"line":5,"column":0},"end":{"line":5,"column":45}},"8":{"start":{"line":6,"column":0},"end":{"line":6,"column":44}},"9":{"start":{"line":8,"column":35},"end":{"line":8,"column":73}},"10":{"start":{"line":9,"column":28},"end":{"line":9,"column":59}},"11":{"start":{"line":14,"column":2},"end":{"line":128,"column":3}},"12":{"start":{"line":15,"column":18},"end":{"line":114,"column":6}},"13":{"start":{"line":116,"column":21},"end":{"line":121,"column":null}},"14":{"start":{"line":123,"column":17},"end":{"line":123,"column":38}},"15":{"start":{"line":124,"column":4},"end":{"line":124,"column":40}},"16":{"start":{"line":126,"column":4},"end":{"line":126,"column":44}},"17":{"start":{"line":127,"column":4},"end":{"line":127,"column":58}},"18":{"start":{"line":135,"column":2},"end":{"line":166,"column":3}},"19":{"start":{"line":136,"column":20},"end":{"line":136,"column":30}},"20":{"start":{"line":137,"column":21},"end":{"line":153,"column":null}},"21":{"start":{"line":156,"column":4},"end":{"line":159,"column":5}},"22":{"start":{"line":157,"column":6},"end":{"line":157,"column":56}},"23":{"start":{"line":158,"column":6},"end":{"line":158,"column":55}},"24":{"start":{"line":161,"column":4},"end":{"line":161,"column":28}},"25":{"start":{"line":162,"column":4},"end":{"line":162,"column":29}},"26":{"start":{"line":164,"column":4},"end":{"line":164,"column":35}},"27":{"start":{"line":165,"column":4},"end":{"line":165,"column":37}},"28":{"start":{"line":173,"column":2},"end":{"line":196,"column":3}},"29":{"start":{"line":174,"column":21},"end":{"line":187,"column":null}},"30":{"start":{"line":190,"column":4},"end":{"line":192,"column":5}},"31":{"start":{"line":191,"column":6},"end":{"line":191,"column":55}},"32":{"start":{"line":194,"column":4},"end":{"line":194,"column":50}},"33":{"start":{"line":195,"column":4},"end":{"line":195,"column":16}},"34":{"start":{"line":198,"column":2},"end":{"line":229,"column":3}},"35":{"start":{"line":199,"column":20},"end":{"line":199,"column":30}},"36":{"start":{"line":200,"column":21},"end":{"line":216,"column":null}},"37":{"start":{"line":219,"column":4},"end":{"line":222,"column":5}},"38":{"start":{"line":220,"column":6},"end":{"line":220,"column":56}},"39":{"start":{"line":221,"column":6},"end":{"line":221,"column":55}},"40":{"start":{"line":224,"column":4},"end":{"line":224,"column":28}},"41":{"start":{"line":225,"column":4},"end":{"line":225,"column":29}},"42":{"start":{"line":227,"column":4},"end":{"line":227,"column":35}},"43":{"start":{"line":228,"column":4},"end":{"line":228,"column":37}},"44":{"start":{"line":236,"column":2},"end":{"line":267,"column":3}},"45":{"start":{"line":237,"column":20},"end":{"line":237,"column":30}},"46":{"start":{"line":238,"column":21},"end":{"line":254,"column":null}},"47":{"start":{"line":257,"column":4},"end":{"line":260,"column":5}},"48":{"start":{"line":258,"column":6},"end":{"line":258,"column":56}},"49":{"start":{"line":259,"column":6},"end":{"line":259,"column":55}},"50":{"start":{"line":262,"column":4},"end":{"line":262,"column":28}},"51":{"start":{"line":263,"column":4},"end":{"line":263,"column":29}},"52":{"start":{"line":265,"column":4},"end":{"line":265,"column":35}},"53":{"start":{"line":266,"column":4},"end":{"line":266,"column":37}},"54":{"start":{"line":271,"column":2},"end":{"line":302,"column":3}},"55":{"start":{"line":272,"column":20},"end":{"line":272,"column":30}},"56":{"start":{"line":273,"column":21},"end":{"line":289,"column":null}},"57":{"start":{"line":292,"column":4},"end":{"line":295,"column":5}},"58":{"start":{"line":293,"column":6},"end":{"line":293,"column":56}},"59":{"start":{"line":294,"column":6},"end":{"line":294,"column":55}},"60":{"start":{"line":297,"column":4},"end":{"line":297,"column":28}},"61":{"start":{"line":298,"column":4},"end":{"line":298,"column":29}},"62":{"start":{"line":300,"column":4},"end":{"line":300,"column":35}},"63":{"start":{"line":301,"column":4},"end":{"line":301,"column":37}},"64":{"start":{"line":306,"column":2},"end":{"line":337,"column":3}},"65":{"start":{"line":307,"column":20},"end":{"line":307,"column":30}},"66":{"start":{"line":308,"column":21},"end":{"line":324,"column":null}},"67":{"start":{"line":327,"column":4},"end":{"line":330,"column":5}},"68":{"start":{"line":328,"column":6},"end":{"line":328,"column":56}},"69":{"start":{"line":329,"column":6},"end":{"line":329,"column":55}},"70":{"start":{"line":332,"column":4},"end":{"line":332,"column":28}},"71":{"start":{"line":333,"column":4},"end":{"line":333,"column":29}},"72":{"start":{"line":335,"column":4},"end":{"line":335,"column":35}},"73":{"start":{"line":336,"column":4},"end":{"line":336,"column":37}}},"fnMap":{"0":{"name":"fetchAnnouncements","decl":{"start":{"line":11,"column":22},"end":{"line":11,"column":40}},"loc":{"start":{"line":12,"column":22},"end":{"line":129,"column":1}}},"1":{"name":"createFriendAnnouncement","decl":{"start":{"line":131,"column":22},"end":{"line":131,"column":46}},"loc":{"start":{"line":133,"column":22},"end":{"line":167,"column":1}}},"2":{"name":"createKudosAnnouncement","decl":{"start":{"line":169,"column":22},"end":{"line":169,"column":45}},"loc":{"start":{"line":171,"column":24},"end":{"line":230,"column":1}}},"3":{"name":"createPlaylistAnnouncement","decl":{"start":{"line":232,"column":22},"end":{"line":232,"column":48}},"loc":{"start":{"line":234,"column":12},"end":{"line":268,"column":1}}},"4":{"name":"createGroupAnnouncement","decl":{"start":{"line":270,"column":22},"end":{"line":270,"column":45}},"loc":{"start":{"line":270,"column":75},"end":{"line":303,"column":1}}},"5":{"name":"createDropletAnnouncement","decl":{"start":{"line":305,"column":22},"end":{"line":305,"column":47}},"loc":{"start":{"line":305,"column":72},"end":{"line":338,"column":1}}}},"branchMap":{"0":{"loc":{"start":{"line":144,"column":24},"end":{"line":144,"column":90}},"type":"cond-expr","locations":[{"start":{"line":144,"column":41},"end":{"line":144,"column":77}},{"start":{"line":144,"column":80},"end":{"line":144,"column":90}}]},"1":{"loc":{"start":{"line":156,"column":4},"end":{"line":159,"column":5}},"type":"if","locations":[{"start":{"line":156,"column":4},"end":{"line":159,"column":5}}]},"2":{"loc":{"start":{"line":190,"column":4},"end":{"line":192,"column":5}},"type":"if","locations":[{"start":{"line":190,"column":4},"end":{"line":192,"column":5}}]},"3":{"loc":{"start":{"line":207,"column":24},"end":{"line":207,"column":90}},"type":"cond-expr","locations":[{"start":{"line":207,"column":41},"end":{"line":207,"column":77}},{"start":{"line":207,"column":80},"end":{"line":207,"column":90}}]},"4":{"loc":{"start":{"line":219,"column":4},"end":{"line":222,"column":5}},"type":"if","locations":[{"start":{"line":219,"column":4},"end":{"line":222,"column":5}}]},"5":{"loc":{"start":{"line":257,"column":4},"end":{"line":260,"column":5}},"type":"if","locations":[{"start":{"line":257,"column":4},"end":{"line":260,"column":5}}]},"6":{"loc":{"start":{"line":292,"column":4},"end":{"line":295,"column":5}},"type":"if","locations":[{"start":{"line":292,"column":4},"end":{"line":295,"column":5}}]},"7":{"loc":{"start":{"line":327,"column":4},"end":{"line":330,"column":5}},"type":"if","locations":[{"start":{"line":327,"column":4},"end":{"line":330,"column":5}}]}},"s":{"0":1,"1":1,"2":1,"3":1,"4":1,"5":1,"6":1,"7":1,"8":1,"9":1,"10":1,"11":2,"12":2,"13":2,"14":1,"15":1,"16":1,"17":1,"18":4,"19":4,"20":4,"21":3,"22":1,"23":1,"24":2,"25":2,"26":2,"27":2,"28":4,"29":4,"30":3,"31":1,"32":2,"33":2,"34":2,"35":2,"36":2,"37":2,"38":1,"39":1,"40":1,"41":1,"42":1,"43":1,"44":3,"45":3,"46":3,"47":2,"48":1,"49":1,"50":1,"51":1,"52":2,"53":2,"54":3,"55":3,"56":3,"57":2,"58":1,"59":1,"60":1,"61":1,"62":2,"63":2,"64":3,"65":3,"66":3,"67":2,"68":1,"69":1,"70":1,"71":1,"72":2,"73":2},"f":{"0":2,"1":4,"2":4,"3":3,"4":3,"5":3},"b":{"0":[1,3],"1":[1],"2":[1],"3":[1,1],"4":[1],"5":[1],"6":[1],"7":[1]}}
,"C:\\Users\\chous\\odyssey\\frontend\\lib\\requests\\friends.ts": {"path":"C:\\Users\\chous\\odyssey\\frontend\\lib\\requests\\friends.ts","statementMap":{"0":{"start":{"line":10,"column":0},"end":{"line":10,"column":7}},"1":{"start":{"line":84,"column":0},"end":{"line":84,"column":7}},"2":{"start":{"line":121,"column":0},"end":{"line":121,"column":7}},"3":{"start":{"line":157,"column":0},"end":{"line":157,"column":7}},"4":{"start":{"line":210,"column":0},"end":{"line":210,"column":7}},"5":{"start":{"line":271,"column":0},"end":{"line":271,"column":7}},"6":{"start":{"line":304,"column":0},"end":{"line":304,"column":7}},"7":{"start":{"line":337,"column":0},"end":{"line":337,"column":7}},"8":{"start":{"line":370,"column":0},"end":{"line":370,"column":7}},"9":{"start":{"line":403,"column":0},"end":{"line":403,"column":7}},"10":{"start":{"line":467,"column":0},"end":{"line":467,"column":7}},"11":{"start":{"line":524,"column":0},"end":{"line":524,"column":7}},"12":{"start":{"line":2,"column":0},"end":{"line":2,"column":48}},"13":{"start":{"line":4,"column":0},"end":{"line":4,"column":44}},"14":{"start":{"line":5,"column":0},"end":{"line":5,"column":20}},"15":{"start":{"line":7,"column":35},"end":{"line":7,"column":73}},"16":{"start":{"line":8,"column":28},"end":{"line":8,"column":59}},"17":{"start":{"line":13,"column":2},"end":{"line":81,"column":3}},"18":{"start":{"line":14,"column":18},"end":{"line":49,"column":6}},"19":{"start":{"line":51,"column":21},"end":{"line":56,"column":null}},"20":{"start":{"line":58,"column":17},"end":{"line":58,"column":38}},"21":{"start":{"line":59,"column":24},"end":{"line":59,"column":52}},"22":{"start":{"line":61,"column":23},"end":{"line":71,"column":null}},"23":{"start":{"line":62,"column":6},"end":{"line":70,"column":null}},"24":{"start":{"line":64,"column":10},"end":{"line":69,"column":null}},"25":{"start":{"line":66,"column":29},"end":{"line":66,"column":57}},"26":{"start":{"line":69,"column":29},"end":{"line":69,"column":57}},"27":{"start":{"line":73,"column":4},"end":{"line":77,"column":6}},"28":{"start":{"line":75,"column":51},"end":{"line":75,"column":70}},"29":{"start":{"line":79,"column":4},"end":{"line":79,"column":44}},"30":{"start":{"line":80,"column":4},"end":{"line":80,"column":53}},"31":{"start":{"line":88,"column":2},"end":{"line":118,"column":3}},"32":{"start":{"line":89,"column":18},"end":{"line":102,"column":6}},"33":{"start":{"line":104,"column":21},"end":{"line":109,"column":null}},"34":{"start":{"line":111,"column":17},"end":{"line":111,"column":38}},"35":{"start":{"line":112,"column":24},"end":{"line":112,"column":52}},"36":{"start":{"line":114,"column":4},"end":{"line":114,"column":35}},"37":{"start":{"line":116,"column":4},"end":{"line":116,"column":44}},"38":{"start":{"line":117,"column":4},"end":{"line":117,"column":53}},"39":{"start":{"line":124,"column":2},"end":{"line":154,"column":3}},"40":{"start":{"line":125,"column":18},"end":{"line":138,"column":6}},"41":{"start":{"line":140,"column":21},"end":{"line":145,"column":null}},"42":{"start":{"line":147,"column":17},"end":{"line":147,"column":38}},"43":{"start":{"line":148,"column":42},"end":{"line":148,"column":70}},"44":{"start":{"line":150,"column":4},"end":{"line":150,"column":46}},"45":{"start":{"line":150,"column":37},"end":{"line":150,"column":44}},"46":{"start":{"line":152,"column":4},"end":{"line":152,"column":44}},"47":{"start":{"line":153,"column":4},"end":{"line":153,"column":53}},"48":{"start":{"line":158,"column":16},"end":{"line":158,"column":47}},"49":{"start":{"line":159,"column":2},"end":{"line":207,"column":3}},"50":{"start":{"line":160,"column":31},"end":{"line":173,"column":null}},"51":{"start":{"line":176,"column":4},"end":{"line":179,"column":5}},"52":{"start":{"line":177,"column":6},"end":{"line":177,"column":77}},"53":{"start":{"line":178,"column":6},"end":{"line":178,"column":53}},"54":{"start":{"line":180,"column":27},"end":{"line":195,"column":null}},"55":{"start":{"line":198,"column":4},"end":{"line":201,"column":5}},"56":{"start":{"line":199,"column":6},"end":{"line":199,"column":69}},"57":{"start":{"line":200,"column":6},"end":{"line":200,"column":57}},"58":{"start":{"line":202,"column":4},"end":{"line":202,"column":40}},"59":{"start":{"line":203,"column":4},"end":{"line":203,"column":29}},"60":{"start":{"line":205,"column":4},"end":{"line":205,"column":35}},"61":{"start":{"line":206,"column":4},"end":{"line":206,"column":37}},"62":{"start":{"line":214,"column":16},"end":{"line":214,"column":47}},"63":{"start":{"line":215,"column":2},"end":{"line":268,"column":3}},"64":{"start":{"line":216,"column":27},"end":{"line":231,"column":null}},"65":{"start":{"line":234,"column":4},"end":{"line":237,"column":5}},"66":{"start":{"line":235,"column":6},"end":{"line":235,"column":67}},"67":{"start":{"line":236,"column":6},"end":{"line":236,"column":55}},"68":{"start":{"line":240,"column":29},"end":{"line":255,"column":null}},"69":{"start":{"line":258,"column":4},"end":{"line":261,"column":5}},"70":{"start":{"line":259,"column":6},"end":{"line":259,"column":69}},"71":{"start":{"line":260,"column":6},"end":{"line":260,"column":56}},"72":{"start":{"line":263,"column":4},"end":{"line":263,"column":40}},"73":{"start":{"line":264,"column":4},"end":{"line":264,"column":29}},"74":{"start":{"line":266,"column":4},"end":{"line":266,"column":35}},"75":{"start":{"line":267,"column":4},"end":{"line":267,"column":37}},"76":{"start":{"line":272,"column":16},"end":{"line":272,"column":47}},"77":{"start":{"line":273,"column":2},"end":{"line":301,"column":3}},"78":{"start":{"line":274,"column":27},"end":{"line":289,"column":null}},"79":{"start":{"line":292,"column":4},"end":{"line":295,"column":5}},"80":{"start":{"line":293,"column":6},"end":{"line":293,"column":69}},"81":{"start":{"line":294,"column":6},"end":{"line":294,"column":57}},"82":{"start":{"line":296,"column":4},"end":{"line":296,"column":40}},"83":{"start":{"line":297,"column":4},"end":{"line":297,"column":29}},"84":{"start":{"line":299,"column":4},"end":{"line":299,"column":35}},"85":{"start":{"line":300,"column":4},"end":{"line":300,"column":37}},"86":{"start":{"line":305,"column":16},"end":{"line":305,"column":47}},"87":{"start":{"line":306,"column":2},"end":{"line":334,"column":3}},"88":{"start":{"line":307,"column":27},"end":{"line":322,"column":null}},"89":{"start":{"line":325,"column":4},"end":{"line":328,"column":5}},"90":{"start":{"line":326,"column":6},"end":{"line":326,"column":69}},"91":{"start":{"line":327,"column":6},"end":{"line":327,"column":57}},"92":{"start":{"line":329,"column":4},"end":{"line":329,"column":40}},"93":{"start":{"line":330,"column":4},"end":{"line":330,"column":29}},"94":{"start":{"line":332,"column":4},"end":{"line":332,"column":35}},"95":{"start":{"line":333,"column":4},"end":{"line":333,"column":37}},"96":{"start":{"line":338,"column":16},"end":{"line":338,"column":47}},"97":{"start":{"line":339,"column":2},"end":{"line":367,"column":3}},"98":{"start":{"line":340,"column":27},"end":{"line":355,"column":null}},"99":{"start":{"line":358,"column":4},"end":{"line":361,"column":5}},"100":{"start":{"line":359,"column":6},"end":{"line":359,"column":69}},"101":{"start":{"line":360,"column":6},"end":{"line":360,"column":48}},"102":{"start":{"line":362,"column":4},"end":{"line":362,"column":40}},"103":{"start":{"line":363,"column":4},"end":{"line":363,"column":29}},"104":{"start":{"line":365,"column":4},"end":{"line":365,"column":35}},"105":{"start":{"line":366,"column":4},"end":{"line":366,"column":37}},"106":{"start":{"line":371,"column":16},"end":{"line":371,"column":47}},"107":{"start":{"line":372,"column":2},"end":{"line":400,"column":3}},"108":{"start":{"line":373,"column":27},"end":{"line":388,"column":null}},"109":{"start":{"line":391,"column":4},"end":{"line":394,"column":5}},"110":{"start":{"line":392,"column":6},"end":{"line":392,"column":69}},"111":{"start":{"line":393,"column":6},"end":{"line":393,"column":46}},"112":{"start":{"line":395,"column":4},"end":{"line":395,"column":40}},"113":{"start":{"line":396,"column":4},"end":{"line":396,"column":29}},"114":{"start":{"line":398,"column":4},"end":{"line":398,"column":35}},"115":{"start":{"line":399,"column":4},"end":{"line":399,"column":37}},"116":{"start":{"line":404,"column":16},"end":{"line":404,"column":47}},"117":{"start":{"line":405,"column":2},"end":{"line":464,"column":3}},"118":{"start":{"line":406,"column":18},"end":{"line":425,"column":6}},"119":{"start":{"line":427,"column":25},"end":{"line":433,"column":null}},"120":{"start":{"line":436,"column":17},"end":{"line":436,"column":42}},"121":{"start":{"line":437,"column":23},"end":{"line":437,"column":35}},"122":{"start":{"line":439,"column":4},"end":{"line":442,"column":5}},"123":{"start":{"line":440,"column":6},"end":{"line":440,"column":44}},"124":{"start":{"line":441,"column":6},"end":{"line":441,"column":46}},"125":{"start":{"line":444,"column":27},"end":{"line":452,"column":null}},"126":{"start":{"line":455,"column":4},"end":{"line":458,"column":5}},"127":{"start":{"line":456,"column":6},"end":{"line":456,"column":69}},"128":{"start":{"line":457,"column":6},"end":{"line":457,"column":53}},"129":{"start":{"line":459,"column":4},"end":{"line":459,"column":40}},"130":{"start":{"line":460,"column":4},"end":{"line":460,"column":29}},"131":{"start":{"line":462,"column":4},"end":{"line":462,"column":35}},"132":{"start":{"line":463,"column":4},"end":{"line":463,"column":37}},"133":{"start":{"line":470,"column":2},"end":{"line":521,"column":3}},"134":{"start":{"line":471,"column":18},"end":{"line":507,"column":6}},"135":{"start":{"line":508,"column":21},"end":{"line":513,"column":null}},"136":{"start":{"line":515,"column":17},"end":{"line":515,"column":38}},"137":{"start":{"line":516,"column":28},"end":{"line":516,"column":56}},"138":{"start":{"line":517,"column":4},"end":{"line":517,"column":27}},"139":{"start":{"line":519,"column":4},"end":{"line":519,"column":44}},"140":{"start":{"line":520,"column":4},"end":{"line":520,"column":51}},"141":{"start":{"line":527,"column":2},"end":{"line":580,"column":3}},"142":{"start":{"line":529,"column":28},"end":{"line":529,"column":62}},"143":{"start":{"line":532,"column":26},"end":{"line":543,"column":null}},"144":{"start":{"line":533,"column":6},"end":{"line":542,"column":null}},"145":{"start":{"line":535,"column":10},"end":{"line":541,"column":null}},"146":{"start":{"line":538,"column":14},"end":{"line":540,"column":null}},"147":{"start":{"line":540,"column":49},"end":{"line":540,"column":74}},"148":{"start":{"line":547,"column":29},"end":{"line":568,"column":null}},"149":{"start":{"line":550,"column":34},"end":{"line":550,"column":71}},"150":{"start":{"line":553,"column":8},"end":{"line":567,"column":65}},"151":{"start":{"line":555,"column":12},"end":{"line":564,"column":null}},"152":{"start":{"line":557,"column":16},"end":{"line":563,"column":null}},"153":{"start":{"line":560,"column":47},"end":{"line":560,"column":69}},"154":{"start":{"line":563,"column":51},"end":{"line":563,"column":76}},"155":{"start":{"line":567,"column":26},"end":{"line":567,"column":64}},"156":{"start":{"line":572,"column":35},"end":{"line":573,"column":null}},"157":{"start":{"line":573,"column":52},"end":{"line":573,"column":67}},"158":{"start":{"line":576,"column":4},"end":{"line":576,"column":34}},"159":{"start":{"line":578,"column":4},"end":{"line":578,"column":59}},"160":{"start":{"line":579,"column":4},"end":{"line":579,"column":58}}},"fnMap":{"0":{"name":"fetchFriends","decl":{"start":{"line":10,"column":22},"end":{"line":10,"column":34}},"loc":{"start":{"line":11,"column":32},"end":{"line":82,"column":1}}},"1":{"name":"(anonymous_2)","decl":{"start":{"line":61,"column":43},"end":{"line":61,"column":44}},"loc":{"start":{"line":62,"column":6},"end":{"line":70,"column":null}}},"2":{"name":"(anonymous_3)","decl":{"start":{"line":63,"column":8},"end":{"line":63,"column":9}},"loc":{"start":{"line":64,"column":10},"end":{"line":69,"column":null}}},"3":{"name":"(anonymous_4)","decl":{"start":{"line":66,"column":12},"end":{"line":66,"column":13}},"loc":{"start":{"line":66,"column":29},"end":{"line":66,"column":57}}},"4":{"name":"(anonymous_5)","decl":{"start":{"line":69,"column":12},"end":{"line":69,"column":13}},"loc":{"start":{"line":69,"column":29},"end":{"line":69,"column":57}}},"5":{"name":"(anonymous_6)","decl":{"start":{"line":75,"column":23},"end":{"line":75,"column":24}},"loc":{"start":{"line":75,"column":51},"end":{"line":75,"column":70}}},"6":{"name":"getSentRequest","decl":{"start":{"line":84,"column":22},"end":{"line":84,"column":36}},"loc":{"start":{"line":86,"column":27},"end":{"line":119,"column":1}}},"7":{"name":"getSentRequestIds","decl":{"start":{"line":121,"column":22},"end":{"line":121,"column":39}},"loc":{"start":{"line":122,"column":27},"end":{"line":155,"column":1}}},"8":{"name":"(anonymous_9)","decl":{"start":{"line":150,"column":27},"end":{"line":150,"column":28}},"loc":{"start":{"line":150,"column":37},"end":{"line":150,"column":44}}},"9":{"name":"acceptFriendRequest","decl":{"start":{"line":157,"column":22},"end":{"line":157,"column":41}},"loc":{"start":{"line":157,"column":75},"end":{"line":208,"column":1}}},"10":{"name":"sendFriendRequest","decl":{"start":{"line":210,"column":22},"end":{"line":210,"column":39}},"loc":{"start":{"line":212,"column":27},"end":{"line":269,"column":1}}},"11":{"name":"rejectFriendRequest","decl":{"start":{"line":271,"column":22},"end":{"line":271,"column":41}},"loc":{"start":{"line":271,"column":75},"end":{"line":302,"column":1}}},"12":{"name":"cancelFriendRequest","decl":{"start":{"line":304,"column":22},"end":{"line":304,"column":41}},"loc":{"start":{"line":304,"column":75},"end":{"line":335,"column":1}}},"13":{"name":"unblockUser","decl":{"start":{"line":337,"column":22},"end":{"line":337,"column":33}},"loc":{"start":{"line":337,"column":67},"end":{"line":368,"column":1}}},"14":{"name":"BlockUser","decl":{"start":{"line":370,"column":22},"end":{"line":370,"column":31}},"loc":{"start":{"line":370,"column":65},"end":{"line":401,"column":1}}},"15":{"name":"removeFriend","decl":{"start":{"line":403,"column":22},"end":{"line":403,"column":34}},"loc":{"start":{"line":403,"column":67},"end":{"line":465,"column":1}}},"16":{"name":"fetchFriendshipsById","decl":{"start":{"line":467,"column":22},"end":{"line":467,"column":42}},"loc":{"start":{"line":468,"column":16},"end":{"line":522,"column":1}}},"17":{"name":"fetchSuggestionsById","decl":{"start":{"line":524,"column":22},"end":{"line":524,"column":42}},"loc":{"start":{"line":525,"column":16},"end":{"line":581,"column":1}}},"18":{"name":"(anonymous_19)","decl":{"start":{"line":532,"column":50},"end":{"line":532,"column":51}},"loc":{"start":{"line":533,"column":6},"end":{"line":542,"column":null}}},"19":{"name":"(anonymous_20)","decl":{"start":{"line":534,"column":8},"end":{"line":534,"column":9}},"loc":{"start":{"line":535,"column":10},"end":{"line":541,"column":null}}},"20":{"name":"(anonymous_21)","decl":{"start":{"line":537,"column":12},"end":{"line":537,"column":13}},"loc":{"start":{"line":538,"column":14},"end":{"line":540,"column":null}}},"21":{"name":"(anonymous_22)","decl":{"start":{"line":540,"column":16},"end":{"line":540,"column":17}},"loc":{"start":{"line":540,"column":49},"end":{"line":540,"column":74}}},"22":{"name":"(anonymous_23)","decl":{"start":{"line":548,"column":24},"end":{"line":548,"column":29}},"loc":{"start":{"line":548,"column":41},"end":{"line":568,"column":7}}},"23":{"name":"(anonymous_24)","decl":{"start":{"line":554,"column":19},"end":{"line":554,"column":20}},"loc":{"start":{"line":555,"column":12},"end":{"line":564,"column":null}}},"24":{"name":"(anonymous_25)","decl":{"start":{"line":556,"column":14},"end":{"line":556,"column":15}},"loc":{"start":{"line":557,"column":16},"end":{"line":563,"column":null}}},"25":{"name":"(anonymous_26)","decl":{"start":{"line":560,"column":18},"end":{"line":560,"column":19}},"loc":{"start":{"line":560,"column":47},"end":{"line":560,"column":69}}},"26":{"name":"(anonymous_27)","decl":{"start":{"line":563,"column":18},"end":{"line":563,"column":19}},"loc":{"start":{"line":563,"column":51},"end":{"line":563,"column":76}}},"27":{"name":"(anonymous_28)","decl":{"start":{"line":567,"column":16},"end":{"line":567,"column":17}},"loc":{"start":{"line":567,"column":25},"end":{"line":567,"column":64}}},"28":{"name":"(anonymous_29)","decl":{"start":{"line":573,"column":42},"end":{"line":573,"column":43}},"loc":{"start":{"line":573,"column":52},"end":{"line":573,"column":67}}}},"branchMap":{"0":{"loc":{"start":{"line":64,"column":10},"end":{"line":69,"column":null}},"type":"binary-expr","locations":[{"start":{"line":64,"column":10},"end":{"line":64,"column":41}},{"start":{"line":65,"column":10},"end":{"line":66,"column":null}},{"start":{"line":68,"column":10},"end":{"line":69,"column":null}}]},"1":{"loc":{"start":{"line":176,"column":4},"end":{"line":179,"column":5}},"type":"if","locations":[{"start":{"line":176,"column":4},"end":{"line":179,"column":5}}]},"2":{"loc":{"start":{"line":198,"column":4},"end":{"line":201,"column":5}},"type":"if","locations":[{"start":{"line":198,"column":4},"end":{"line":201,"column":5}}]},"3":{"loc":{"start":{"line":234,"column":4},"end":{"line":237,"column":5}},"type":"if","locations":[{"start":{"line":234,"column":4},"end":{"line":237,"column":5}}]},"4":{"loc":{"start":{"line":258,"column":4},"end":{"line":261,"column":5}},"type":"if","locations":[{"start":{"line":258,"column":4},"end":{"line":261,"column":5}}]},"5":{"loc":{"start":{"line":292,"column":4},"end":{"line":295,"column":5}},"type":"if","locations":[{"start":{"line":292,"column":4},"end":{"line":295,"column":5}}]},"6":{"loc":{"start":{"line":325,"column":4},"end":{"line":328,"column":5}},"type":"if","locations":[{"start":{"line":325,"column":4},"end":{"line":328,"column":5}}]},"7":{"loc":{"start":{"line":358,"column":4},"end":{"line":361,"column":5}},"type":"if","locations":[{"start":{"line":358,"column":4},"end":{"line":361,"column":5}}]},"8":{"loc":{"start":{"line":391,"column":4},"end":{"line":394,"column":5}},"type":"if","locations":[{"start":{"line":391,"column":4},"end":{"line":394,"column":5}}]},"9":{"loc":{"start":{"line":439,"column":4},"end":{"line":442,"column":5}},"type":"if","locations":[{"start":{"line":439,"column":4},"end":{"line":442,"column":5}}]},"10":{"loc":{"start":{"line":455,"column":4},"end":{"line":458,"column":5}},"type":"if","locations":[{"start":{"line":455,"column":4},"end":{"line":458,"column":5}}]},"11":{"loc":{"start":{"line":535,"column":10},"end":{"line":541,"column":null}},"type":"binary-expr","locations":[{"start":{"line":535,"column":10},"end":{"line":535,"column":28}},{"start":{"line":536,"column":10},"end":{"line":541,"column":null}}]},"12":{"loc":{"start":{"line":538,"column":14},"end":{"line":540,"column":null}},"type":"binary-expr","locations":[{"start":{"line":538,"column":14},"end":{"line":538,"column":39}},{"start":{"line":539,"column":14},"end":{"line":540,"column":null}}]},"13":{"loc":{"start":{"line":557,"column":16},"end":{"line":563,"column":null}},"type":"binary-expr","locations":[{"start":{"line":557,"column":16},"end":{"line":557,"column":37}},{"start":{"line":558,"column":16},"end":{"line":558,"column":34}},{"start":{"line":559,"column":16},"end":{"line":560,"column":null}},{"start":{"line":562,"column":16},"end":{"line":563,"column":null}}]},"14":{"loc":{"start":{"line":567,"column":26},"end":{"line":567,"column":63}},"type":"cond-expr","locations":[{"start":{"line":567,"column":36},"end":{"line":567,"column":38}},{"start":{"line":567,"column":36},"end":{"line":567,"column":63}}]},"15":{"loc":{"start":{"line":567,"column":26},"end":{"line":567,"column":38}},"type":"binary-expr","locations":[{"start":{"line":567,"column":26},"end":{"line":567,"column":38}},{"start":{"line":567,"column":36},"end":{"line":567,"column":38}}]}},"s":{"0":1,"1":1,"2":1,"3":1,"4":1,"5":1,"6":1,"7":1,"8":1,"9":1,"10":1,"11":1,"12":1,"13":1,"14":1,"15":1,"16":1,"17":3,"18":3,"19":3,"20":2,"21":2,"22":2,"23":4,"24":8,"25":0,"26":2,"27":2,"28":3,"29":1,"30":1,"31":3,"32":3,"33":3,"34":2,"35":2,"36":2,"37":1,"38":1,"39":2,"40":2,"41":2,"42":1,"43":1,"44":1,"45":2,"46":1,"47":1,"48":4,"49":4,"50":4,"51":3,"52":1,"53":1,"54":2,"55":2,"56":1,"57":1,"58":1,"59":1,"60":3,"61":3,"62":4,"63":4,"64":4,"65":3,"66":1,"67":1,"68":2,"69":2,"70":1,"71":1,"72":1,"73":1,"74":3,"75":3,"76":3,"77":3,"78":3,"79":2,"80":1,"81":1,"82":1,"83":1,"84":2,"85":2,"86":3,"87":3,"88":3,"89":2,"90":1,"91":1,"92":1,"93":1,"94":2,"95":2,"96":3,"97":3,"98":3,"99":2,"100":1,"101":1,"102":1,"103":1,"104":2,"105":2,"106":3,"107":3,"108":3,"109":2,"110":1,"111":1,"112":1,"113":1,"114":2,"115":2,"116":4,"117":4,"118":4,"119":4,"120":3,"121":3,"122":3,"123":1,"124":1,"125":2,"126":2,"127":1,"128":1,"129":1,"130":1,"131":3,"132":3,"133":3,"134":3,"135":3,"136":2,"137":1,"138":1,"139":2,"140":2,"141":0,"142":0,"143":0,"144":0,"145":0,"146":0,"147":0,"148":0,"149":0,"150":0,"151":0,"152":0,"153":0,"154":0,"155":0,"156":0,"157":0,"158":0,"159":0,"160":0},"f":{"0":3,"1":4,"2":8,"3":0,"4":2,"5":3,"6":3,"7":2,"8":2,"9":4,"10":4,"11":3,"12":3,"13":3,"14":3,"15":4,"16":3,"17":0,"18":0,"19":0,"20":0,"21":0,"22":0,"23":0,"24":0,"25":0,"26":0,"27":0,"28":0},"b":{"0":[8,4,4],"1":[1],"2":[1],"3":[1],"4":[1],"5":[1],"6":[1],"7":[1],"8":[1],"9":[1],"10":[1],"11":[0,0],"12":[0,0],"13":[0,0,0,0],"14":[0,0],"15":[0,0]}}
,"C:\\Users\\chous\\odyssey\\frontend\\lib\\requests\\groups.ts": {"path":"C:\\Users\\chous\\odyssey\\frontend\\lib\\requests\\groups.ts","statementMap":{"0":{"start":{"line":23,"column":0},"end":{"line":23,"column":7}},"1":{"start":{"line":75,"column":0},"end":{"line":75,"column":7}},"2":{"start":{"line":124,"column":0},"end":{"line":124,"column":7}},"3":{"start":{"line":186,"column":0},"end":{"line":186,"column":7}},"4":{"start":{"line":238,"column":0},"end":{"line":238,"column":7}},"5":{"start":{"line":271,"column":0},"end":{"line":271,"column":7}},"6":{"start":{"line":284,"column":0},"end":{"line":284,"column":7}},"7":{"start":{"line":297,"column":0},"end":{"line":297,"column":7}},"8":{"start":{"line":315,"column":0},"end":{"line":315,"column":7}},"9":{"start":{"line":391,"column":0},"end":{"line":391,"column":7}},"10":{"start":{"line":444,"column":0},"end":{"line":444,"column":7}},"11":{"start":{"line":579,"column":0},"end":{"line":579,"column":7}},"12":{"start":{"line":631,"column":0},"end":{"line":631,"column":7}},"13":{"start":{"line":671,"column":0},"end":{"line":671,"column":7}},"14":{"start":{"line":777,"column":0},"end":{"line":777,"column":7}},"15":{"start":{"line":885,"column":0},"end":{"line":885,"column":7}},"16":{"start":{"line":911,"column":0},"end":{"line":911,"column":7}},"17":{"start":{"line":950,"column":0},"end":{"line":950,"column":7}},"18":{"start":{"line":5,"column":0},"end":{"line":5,"column":39}},"19":{"start":{"line":6,"column":0},"end":{"line":6,"column":61}},"20":{"start":{"line":8,"column":0},"end":{"line":8,"column":53}},"21":{"start":{"line":9,"column":0},"end":{"line":9,"column":73}},"22":{"start":{"line":10,"column":0},"end":{"line":10,"column":58}},"23":{"start":{"line":11,"column":0},"end":{"line":11,"column":44}},"24":{"start":{"line":12,"column":0},"end":{"line":12,"column":57}},"25":{"start":{"line":14,"column":23},"end":{"line":14,"column":61}},"26":{"start":{"line":15,"column":28},"end":{"line":15,"column":59}},"27":{"start":{"line":46,"column":15},"end":{"line":46,"column":24}},"28":{"start":{"line":47,"column":20},"end":{"line":60,"column":4}},"29":{"start":{"line":62,"column":2},"end":{"line":65,"column":5}},"30":{"start":{"line":95,"column":15},"end":{"line":95,"column":24}},"31":{"start":{"line":96,"column":20},"end":{"line":110,"column":4}},"32":{"start":{"line":112,"column":2},"end":{"line":115,"column":41}},"33":{"start":{"line":115,"column":22},"end":{"line":115,"column":39}},"34":{"start":{"line":159,"column":15},"end":{"line":159,"column":24}},"35":{"start":{"line":160,"column":20},"end":{"line":169,"column":4}},"36":{"start":{"line":171,"column":2},"end":{"line":171,"column":31}},"37":{"start":{"line":172,"column":2},"end":{"line":172,"column":29}},"38":{"start":{"line":174,"column":2},"end":{"line":177,"column":33}},"39":{"start":{"line":177,"column":22},"end":{"line":177,"column":31}},"40":{"start":{"line":209,"column":15},"end":{"line":209,"column":24}},"41":{"start":{"line":210,"column":20},"end":{"line":224,"column":4}},"42":{"start":{"line":226,"column":2},"end":{"line":229,"column":5}},"43":{"start":{"line":245,"column":15},"end":{"line":245,"column":35}},"44":{"start":{"line":246,"column":34},"end":{"line":246,"column":41}},"45":{"start":{"line":250,"column":4},"end":{"line":250,"column":6}},"46":{"start":{"line":252,"column":2},"end":{"line":254,"column":3}},"47":{"start":{"line":253,"column":4},"end":{"line":253,"column":54}},"48":{"start":{"line":256,"column":2},"end":{"line":258,"column":3}},"49":{"start":{"line":257,"column":4},"end":{"line":257,"column":63}},"50":{"start":{"line":260,"column":2},"end":{"line":265,"column":5}},"51":{"start":{"line":276,"column":2},"end":{"line":278,"column":5}},"52":{"start":{"line":289,"column":2},"end":{"line":291,"column":5}},"53":{"start":{"line":303,"column":2},"end":{"line":306,"column":5}},"54":{"start":{"line":333,"column":15},"end":{"line":333,"column":24}},"55":{"start":{"line":341,"column":6},"end":{"line":341,"column":10}},"56":{"start":{"line":343,"column":25},"end":{"line":347,"column":3}},"57":{"start":{"line":344,"column":4},"end":{"line":344,"column":57}},"58":{"start":{"line":344,"column":40},"end":{"line":344,"column":57}},"59":{"start":{"line":345,"column":30},"end":{"line":345,"column":65}},"60":{"start":{"line":346,"column":4},"end":{"line":346,"column":66}},"61":{"start":{"line":346,"column":46},"end":{"line":346,"column":63}},"62":{"start":{"line":351,"column":4},"end":{"line":357,"column":6}},"63":{"start":{"line":360,"column":18},"end":{"line":380,"column":null}},"64":{"start":{"line":376,"column":49},"end":{"line":376,"column":55}},"65":{"start":{"line":379,"column":51},"end":{"line":379,"column":57}},"66":{"start":{"line":383,"column":2},"end":{"line":388,"column":5}},"67":{"start":{"line":427,"column":15},"end":{"line":427,"column":24}},"68":{"start":{"line":428,"column":20},"end":{"line":434,"column":4}},"69":{"start":{"line":436,"column":17},"end":{"line":439,"column":4}},"70":{"start":{"line":441,"column":2},"end":{"line":441,"column":27}},"71":{"start":{"line":486,"column":15},"end":{"line":486,"column":35}},"72":{"start":{"line":489,"column":26},"end":{"line":489,"column":28}},"73":{"start":{"line":492,"column":2},"end":{"line":492,"column":60}},"74":{"start":{"line":492,"column":22},"end":{"line":492,"column":60}},"75":{"start":{"line":493,"column":2},"end":{"line":493,"column":66}},"76":{"start":{"line":493,"column":24},"end":{"line":493,"column":66}},"77":{"start":{"line":494,"column":2},"end":{"line":494,"column":57}},"78":{"start":{"line":494,"column":21},"end":{"line":494,"column":57}},"79":{"start":{"line":495,"column":2},"end":{"line":495,"column":77}},"80":{"start":{"line":495,"column":37},"end":{"line":495,"column":77}},"81":{"start":{"line":498,"column":2},"end":{"line":502,"column":3}},"82":{"start":{"line":499,"column":4},"end":{"line":501,"column":6}},"83":{"start":{"line":500,"column":36},"end":{"line":500,"column":42}},"84":{"start":{"line":504,"column":2},"end":{"line":508,"column":3}},"85":{"start":{"line":505,"column":4},"end":{"line":507,"column":6}},"86":{"start":{"line":506,"column":38},"end":{"line":506,"column":44}},"87":{"start":{"line":510,"column":2},"end":{"line":519,"column":3}},"88":{"start":{"line":512,"column":30},"end":{"line":513,"column":null}},"89":{"start":{"line":513,"column":30},"end":{"line":513,"column":37}},"90":{"start":{"line":513,"column":66},"end":{"line":513,"column":75}},"91":{"start":{"line":516,"column":4},"end":{"line":518,"column":6}},"92":{"start":{"line":517,"column":46},"end":{"line":517,"column":63}},"93":{"start":{"line":522,"column":2},"end":{"line":528,"column":3}},"94":{"start":{"line":523,"column":4},"end":{"line":527,"column":6}},"95":{"start":{"line":524,"column":43},"end":{"line":526,"column":8}},"96":{"start":{"line":531,"column":2},"end":{"line":537,"column":3}},"97":{"start":{"line":532,"column":4},"end":{"line":536,"column":6}},"98":{"start":{"line":533,"column":45},"end":{"line":535,"column":8}},"99":{"start":{"line":539,"column":2},"end":{"line":539,"column":27}},"100":{"start":{"line":541,"column":2},"end":{"line":546,"column":5}},"101":{"start":{"line":553,"column":18},"end":{"line":553,"column":20}},"102":{"start":{"line":555,"column":2},"end":{"line":571,"column":3}},"103":{"start":{"line":556,"column":4},"end":{"line":570,"column":5}},"104":{"start":{"line":558,"column":27},"end":{"line":558,"column":64}},"105":{"start":{"line":559,"column":6},"end":{"line":567,"column":7}},"106":{"start":{"line":560,"column":8},"end":{"line":560,"column":53}},"107":{"start":{"line":563,"column":24},"end":{"line":563,"column":64}},"108":{"start":{"line":564,"column":8},"end":{"line":566,"column":9}},"109":{"start":{"line":565,"column":10},"end":{"line":565,"column":55}},"110":{"start":{"line":569,"column":6},"end":{"line":569,"column":64}},"111":{"start":{"line":573,"column":2},"end":{"line":573,"column":17}},"112":{"start":{"line":583,"column":17},"end":{"line":584,"column":null}},"113":{"start":{"line":586,"column":21},"end":{"line":594,"column":4}},"114":{"start":{"line":596,"column":2},"end":{"line":628,"column":3}},"115":{"start":{"line":597,"column":21},"end":{"line":604,"column":6}},"116":{"start":{"line":606,"column":17},"end":{"line":606,"column":38}},"117":{"start":{"line":608,"column":4},"end":{"line":614,"column":5}},"118":{"start":{"line":609,"column":6},"end":{"line":613,"column":8}},"119":{"start":{"line":616,"column":4},"end":{"line":620,"column":6}},"120":{"start":{"line":622,"column":4},"end":{"line":622,"column":23}},"121":{"start":{"line":623,"column":4},"end":{"line":627,"column":6}},"122":{"start":{"line":632,"column":2},"end":{"line":666,"column":3}},"123":{"start":{"line":633,"column":4},"end":{"line":662,"column":13}},"124":{"start":{"line":634,"column":6},"end":{"line":645,"column":15}},"125":{"start":{"line":635,"column":8},"end":{"line":643,"column":7}},"126":{"start":{"line":636,"column":31},"end":{"line":639,"column":10}},"127":{"start":{"line":640,"column":8},"end":{"line":640,"column":77}},"128":{"start":{"line":642,"column":8},"end":{"line":642,"column":null}},"129":{"start":{"line":647,"column":6},"end":{"line":661,"column":15}},"130":{"start":{"line":648,"column":8},"end":{"line":648,"column":55}},"131":{"start":{"line":649,"column":8},"end":{"line":660,"column":17}},"132":{"start":{"line":650,"column":10},"end":{"line":658,"column":9}},"133":{"start":{"line":651,"column":33},"end":{"line":654,"column":12}},"134":{"start":{"line":655,"column":10},"end":{"line":655,"column":79}},"135":{"start":{"line":657,"column":10},"end":{"line":657,"column":null}},"136":{"start":{"line":664,"column":4},"end":{"line":664,"column":51}},"137":{"start":{"line":665,"column":4},"end":{"line":665,"column":16}},"138":{"start":{"line":676,"column":2},"end":{"line":774,"column":3}},"139":{"start":{"line":678,"column":4},"end":{"line":680,"column":5}},"140":{"start":{"line":679,"column":6},"end":{"line":679,"column":72}},"141":{"start":{"line":683,"column":28},"end":{"line":750,"column":6}},"142":{"start":{"line":685,"column":38},"end":{"line":691,"column":null}},"143":{"start":{"line":694,"column":31},"end":{"line":694,"column":67}},"144":{"start":{"line":696,"column":6},"end":{"line":747,"column":7}},"145":{"start":{"line":698,"column":32},"end":{"line":698,"column":56}},"146":{"start":{"line":699,"column":25},"end":{"line":712,"column":null}},"147":{"start":{"line":715,"column":8},"end":{"line":721,"column":9}},"148":{"start":{"line":716,"column":10},"end":{"line":719,"column":12}},"149":{"start":{"line":720,"column":10},"end":{"line":720,"column":23}},"150":{"start":{"line":724,"column":25},"end":{"line":738,"column":10}},"151":{"start":{"line":740,"column":8},"end":{"line":746,"column":9}},"152":{"start":{"line":741,"column":10},"end":{"line":744,"column":12}},"153":{"start":{"line":745,"column":10},"end":{"line":745,"column":23}},"154":{"start":{"line":749,"column":6},"end":{"line":749,"column":18}},"155":{"start":{"line":753,"column":20},"end":{"line":753,"column":54}},"156":{"start":{"line":756,"column":26},"end":{"line":756,"column":68}},"157":{"start":{"line":756,"column":52},"end":{"line":756,"column":67}},"158":{"start":{"line":758,"column":4},"end":{"line":763,"column":5}},"159":{"start":{"line":759,"column":6},"end":{"line":762,"column":8}},"160":{"start":{"line":765,"column":4},"end":{"line":765,"column":31}},"161":{"start":{"line":766,"column":4},"end":{"line":766,"column":33}},"162":{"start":{"line":767,"column":4},"end":{"line":767,"column":47}},"163":{"start":{"line":768,"column":4},"end":{"line":768,"column":24}},"164":{"start":{"line":770,"column":4},"end":{"line":770,"column":29}},"165":{"start":{"line":772,"column":4},"end":{"line":772,"column":64}},"166":{"start":{"line":773,"column":4},"end":{"line":773,"column":66}},"167":{"start":{"line":782,"column":2},"end":{"line":881,"column":3}},"168":{"start":{"line":784,"column":4},"end":{"line":786,"column":5}},"169":{"start":{"line":785,"column":6},"end":{"line":785,"column":72}},"170":{"start":{"line":789,"column":28},"end":{"line":857,"column":6}},"171":{"start":{"line":791,"column":38},"end":{"line":798,"column":null}},"172":{"start":{"line":801,"column":31},"end":{"line":801,"column":67}},"173":{"start":{"line":803,"column":6},"end":{"line":854,"column":7}},"174":{"start":{"line":805,"column":32},"end":{"line":805,"column":56}},"175":{"start":{"line":806,"column":25},"end":{"line":819,"column":null}},"176":{"start":{"line":822,"column":8},"end":{"line":828,"column":9}},"177":{"start":{"line":823,"column":10},"end":{"line":826,"column":12}},"178":{"start":{"line":827,"column":10},"end":{"line":827,"column":23}},"179":{"start":{"line":831,"column":25},"end":{"line":845,"column":10}},"180":{"start":{"line":847,"column":8},"end":{"line":853,"column":9}},"181":{"start":{"line":848,"column":10},"end":{"line":851,"column":12}},"182":{"start":{"line":852,"column":10},"end":{"line":852,"column":23}},"183":{"start":{"line":856,"column":6},"end":{"line":856,"column":18}},"184":{"start":{"line":860,"column":20},"end":{"line":860,"column":54}},"185":{"start":{"line":863,"column":26},"end":{"line":863,"column":68}},"186":{"start":{"line":863,"column":52},"end":{"line":863,"column":67}},"187":{"start":{"line":865,"column":4},"end":{"line":870,"column":5}},"188":{"start":{"line":866,"column":6},"end":{"line":869,"column":8}},"189":{"start":{"line":872,"column":4},"end":{"line":872,"column":31}},"190":{"start":{"line":873,"column":4},"end":{"line":873,"column":33}},"191":{"start":{"line":874,"column":4},"end":{"line":874,"column":47}},"192":{"start":{"line":875,"column":4},"end":{"line":875,"column":24}},"193":{"start":{"line":877,"column":4},"end":{"line":877,"column":29}},"194":{"start":{"line":879,"column":4},"end":{"line":879,"column":65}},"195":{"start":{"line":880,"column":4},"end":{"line":880,"column":66}},"196":{"start":{"line":886,"column":2},"end":{"line":908,"column":3}},"197":{"start":{"line":887,"column":21},"end":{"line":902,"column":6}},"198":{"start":{"line":904,"column":4},"end":{"line":904,"column":23}},"199":{"start":{"line":906,"column":4},"end":{"line":906,"column":52}},"200":{"start":{"line":907,"column":4},"end":{"line":907,"column":37}},"201":{"start":{"line":921,"column":15},"end":{"line":921,"column":27}},"202":{"start":{"line":922,"column":20},"end":{"line":938,"column":4}},"203":{"start":{"line":940,"column":2},"end":{"line":947,"column":5}},"204":{"start":{"line":960,"column":15},"end":{"line":960,"column":27}},"205":{"start":{"line":961,"column":20},"end":{"line":978,"column":4}},"206":{"start":{"line":980,"column":2},"end":{"line":983,"column":5}}},"fnMap":{"0":{"name":"getManagedGroups","decl":{"start":{"line":23,"column":22},"end":{"line":23,"column":38}},"loc":{"start":{"line":44,"column":29},"end":{"line":66,"column":1}}},"1":{"name":"getGroupBySlug","decl":{"start":{"line":75,"column":22},"end":{"line":75,"column":36}},"loc":{"start":{"line":93,"column":29},"end":{"line":116,"column":1}}},"2":{"name":"(anonymous_2)","decl":{"start":{"line":115,"column":10},"end":{"line":115,"column":11}},"loc":{"start":{"line":115,"column":22},"end":{"line":115,"column":39}}},"3":{"name":"getGroupByID","decl":{"start":{"line":124,"column":22},"end":{"line":124,"column":34}},"loc":{"start":{"line":157,"column":29},"end":{"line":178,"column":1}}},"4":{"name":"(anonymous_4)","decl":{"start":{"line":177,"column":10},"end":{"line":177,"column":11}},"loc":{"start":{"line":177,"column":22},"end":{"line":177,"column":31}}},"5":{"name":"getUserGroups","decl":{"start":{"line":186,"column":22},"end":{"line":186,"column":35}},"loc":{"start":{"line":207,"column":29},"end":{"line":230,"column":1}}},"6":{"name":"updateGroupMembers","decl":{"start":{"line":238,"column":22},"end":{"line":238,"column":40}},"loc":{"start":{"line":243,"column":3},"end":{"line":266,"column":1}}},"7":{"name":"addGroupMembers","decl":{"start":{"line":271,"column":22},"end":{"line":271,"column":37}},"loc":{"start":{"line":274,"column":53},"end":{"line":279,"column":1}}},"8":{"name":"removeGroupMembers","decl":{"start":{"line":284,"column":22},"end":{"line":284,"column":40}},"loc":{"start":{"line":287,"column":53},"end":{"line":292,"column":1}}},"9":{"name":"changeGroupMemberRole","decl":{"start":{"line":297,"column":22},"end":{"line":297,"column":43}},"loc":{"start":{"line":301,"column":43},"end":{"line":307,"column":1}}},"10":{"name":"createGroup","decl":{"start":{"line":315,"column":22},"end":{"line":315,"column":33}},"loc":{"start":{"line":331,"column":3},"end":{"line":389,"column":1}}},"11":{"name":"(anonymous_11)","decl":{"start":{"line":343,"column":25},"end":{"line":343,"column":30}},"loc":{"start":{"line":343,"column":53},"end":{"line":347,"column":3}}},"12":{"name":"(anonymous_12)","decl":{"start":{"line":346,"column":33},"end":{"line":346,"column":34}},"loc":{"start":{"line":346,"column":46},"end":{"line":346,"column":63}}},"13":{"name":"(anonymous_13)","decl":{"start":{"line":376,"column":40},"end":{"line":376,"column":41}},"loc":{"start":{"line":376,"column":49},"end":{"line":376,"column":55}}},"14":{"name":"(anonymous_14)","decl":{"start":{"line":379,"column":42},"end":{"line":379,"column":43}},"loc":{"start":{"line":379,"column":51},"end":{"line":379,"column":57}}},"15":{"name":"getGroupBySlugV2","decl":{"start":{"line":391,"column":22},"end":{"line":391,"column":38}},"loc":{"start":{"line":425,"column":29},"end":{"line":442,"column":1}}},"16":{"name":"updateGroup","decl":{"start":{"line":444,"column":22},"end":{"line":444,"column":33}},"loc":{"start":{"line":484,"column":3},"end":{"line":547,"column":1}}},"17":{"name":"(anonymous_17)","decl":{"start":{"line":500,"column":27},"end":{"line":500,"column":28}},"loc":{"start":{"line":500,"column":36},"end":{"line":500,"column":42}}},"18":{"name":"(anonymous_18)","decl":{"start":{"line":506,"column":29},"end":{"line":506,"column":30}},"loc":{"start":{"line":506,"column":38},"end":{"line":506,"column":44}}},"19":{"name":"(anonymous_19)","decl":{"start":{"line":513,"column":23},"end":{"line":513,"column":24}},"loc":{"start":{"line":513,"column":30},"end":{"line":513,"column":37}}},"20":{"name":"(anonymous_20)","decl":{"start":{"line":513,"column":46},"end":{"line":513,"column":47}},"loc":{"start":{"line":513,"column":66},"end":{"line":513,"column":75}}},"21":{"name":"(anonymous_21)","decl":{"start":{"line":517,"column":33},"end":{"line":517,"column":34}},"loc":{"start":{"line":517,"column":46},"end":{"line":517,"column":63}}},"22":{"name":"(anonymous_22)","decl":{"start":{"line":524,"column":29},"end":{"line":524,"column":30}},"loc":{"start":{"line":524,"column":43},"end":{"line":526,"column":8}}},"23":{"name":"(anonymous_23)","decl":{"start":{"line":533,"column":30},"end":{"line":533,"column":31}},"loc":{"start":{"line":533,"column":45},"end":{"line":535,"column":8}}},"24":{"name":"ensureAuthorizedUsers","decl":{"start":{"line":550,"column":15},"end":{"line":550,"column":36}},"loc":{"start":{"line":551,"column":18},"end":{"line":574,"column":1}}},"25":{"name":"createAuthorizedUserInGroup","decl":{"start":{"line":579,"column":22},"end":{"line":579,"column":49}},"loc":{"start":{"line":581,"column":27},"end":{"line":629,"column":1}}},"26":{"name":"enrollUsers","decl":{"start":{"line":631,"column":22},"end":{"line":631,"column":33}},"loc":{"start":{"line":631,"column":46},"end":{"line":667,"column":1}}},"27":{"name":"(anonymous_27)","decl":{"start":{"l
[...]
,"C:\\Users\\chous\\odyssey\\frontend\\lib\\requests\\notes.ts": {"path":"C:\\Users\\chous\\odyssey\\frontend\\lib\\requests\\notes.ts","statementMap":{"0":{"start":{"line":16,"column":0},"end":{"line":16,"column":7}},"1":{"start":{"line":53,"column":0},"end":{"line":53,"column":7}},"2":{"start":{"line":100,"column":0},"end":{"line":100,"column":7}},"3":{"start":{"line":132,"column":0},"end":{"line":132,"column":7}},"4":{"start":{"line":164,"column":0},"end":{"line":164,"column":7}},"5":{"start":{"line":5,"column":0},"end":{"line":5,"column":36}},"6":{"start":{"line":6,"column":0},"end":{"line":6,"column":59}},"7":{"start":{"line":8,"column":35},"end":{"line":8,"column":73}},"8":{"start":{"line":9,"column":28},"end":{"line":9,"column":59}},"9":{"start":{"line":25,"column":15},"end":{"line":25,"column":23}},"10":{"start":{"line":26,"column":20},"end":{"line":45,"column":4}},"11":{"start":{"line":47,"column":2},"end":{"line":50,"column":5}},"12":{"start":{"line":62,"column":15},"end":{"line":62,"column":23}},"13":{"start":{"line":63,"column":20},"end":{"line":92,"column":4}},"14":{"start":{"line":94,"column":2},"end":{"line":97,"column":5}},"15":{"start":{"line":101,"column":2},"end":{"line":129,"column":3}},"16":{"start":{"line":102,"column":21},"end":{"line":115,"column":null}},"17":{"start":{"line":118,"column":4},"end":{"line":120,"column":5}},"18":{"start":{"line":119,"column":6},"end":{"line":119,"column":55}},"19":{"start":{"line":122,"column":4},"end":{"line":122,"column":53}},"20":{"start":{"line":123,"column":4},"end":{"line":123,"column":27}},"21":{"start":{"line":125,"column":4},"end":{"line":125,"column":29}},"22":{"start":{"line":127,"column":4},"end":{"line":127,"column":57}},"23":{"start":{"line":128,"column":4},"end":{"line":128,"column":37}},"24":{"start":{"line":133,"column":2},"end":{"line":161,"column":3}},"25":{"start":{"line":134,"column":21},"end":{"line":147,"column":null}},"26":{"start":{"line":150,"column":4},"end":{"line":152,"column":5}},"27":{"start":{"line":151,"column":6},"end":{"line":151,"column":55}},"28":{"start":{"line":154,"column":4},"end":{"line":154,"column":53}},"29":{"start":{"line":155,"column":4},"end":{"line":155,"column":27}},"30":{"start":{"line":157,"column":4},"end":{"line":157,"column":29}},"31":{"start":{"line":159,"column":4},"end":{"line":159,"column":57}},"32":{"start":{"line":160,"column":4},"end":{"line":160,"column":37}},"33":{"start":{"line":171,"column":2},"end":{"line":205,"column":3}},"34":{"start":{"line":172,"column":21},"end":{"line":192,"column":6}},"35":{"start":{"line":194,"column":4},"end":{"line":197,"column":5}},"36":{"start":{"line":195,"column":6},"end":{"line":195,"column":66}},"37":{"start":{"line":196,"column":6},"end":{"line":196,"column":65}},"38":{"start":{"line":199,"column":4},"end":{"line":199,"column":53}},"39":{"start":{"line":200,"column":4},"end":{"line":200,"column":27}},"40":{"start":{"line":201,"column":4},"end":{"line":201,"column":29}},"41":{"start":{"line":203,"column":4},"end":{"line":203,"column":47}},"42":{"start":{"line":204,"column":4},"end":{"line":204,"column":66}}},"fnMap":{"0":{"name":"getNotesByAuthorizedUserAndLesson","decl":{"start":{"line":16,"column":22},"end":{"line":16,"column":55}},"loc":{"start":{"line":23,"column":29},"end":{"line":51,"column":1}}},"1":{"name":"getNotesByDroplet","decl":{"start":{"line":53,"column":22},"end":{"line":53,"column":39}},"loc":{"start":{"line":60,"column":29},"end":{"line":98,"column":1}}},"2":{"name":"updateNoteContent","decl":{"start":{"line":100,"column":22},"end":{"line":100,"column":39}},"loc":{"start":{"line":100,"column":74},"end":{"line":130,"column":1}}},"3":{"name":"updateNotePosition","decl":{"start":{"line":132,"column":22},"end":{"line":132,"column":40}},"loc":{"start":{"line":132,"column":71},"end":{"line":162,"column":1}}},"4":{"name":"createNote","decl":{"start":{"line":164,"column":22},"end":{"line":164,"column":32}},"loc":{"start":{"line":169,"column":18},"end":{"line":206,"column":1}}}},"branchMap":{"0":{"loc":{"start":{"line":19,"column":2},"end":{"line":23,"column":29}},"type":"default-arg","locations":[{"start":{"line":23,"column":27},"end":{"line":23,"column":29}}]},"1":{"loc":{"start":{"line":21,"column":4},"end":{"line":21,"column":43}},"type":"default-arg","locations":[{"start":{"line":21,"column":17},"end":{"line":21,"column":43}}]},"2":{"loc":{"start":{"line":22,"column":4},"end":{"line":22,"column":43}},"type":"default-arg","locations":[{"start":{"line":22,"column":13},"end":{"line":22,"column":43}}]},"3":{"loc":{"start":{"line":56,"column":2},"end":{"line":60,"column":29}},"type":"default-arg","locations":[{"start":{"line":60,"column":27},"end":{"line":60,"column":29}}]},"4":{"loc":{"start":{"line":58,"column":4},"end":{"line":58,"column":43}},"type":"default-arg","locations":[{"start":{"line":58,"column":17},"end":{"line":58,"column":43}}]},"5":{"loc":{"start":{"line":59,"column":4},"end":{"line":59,"column":43}},"type":"default-arg","locations":[{"start":{"line":59,"column":13},"end":{"line":59,"column":43}}]},"6":{"loc":{"start":{"line":118,"column":4},"end":{"line":120,"column":5}},"type":"if","locations":[{"start":{"line":118,"column":4},"end":{"line":120,"column":5}}]},"7":{"loc":{"start":{"line":150,"column":4},"end":{"line":152,"column":5}},"type":"if","locations":[{"start":{"line":150,"column":4},"end":{"line":152,"column":5}}]},"8":{"loc":{"start":{"line":189,"column":21},"end":{"line":189,"column":34}},"type":"cond-expr","locations":[{"start":{"line":189,"column":30},"end":{"line":189,"column":32}},{"start":{"line":189,"column":21},"end":{"line":189,"column":34}}]},"9":{"loc":{"start":{"line":189,"column":21},"end":{"line":189,"column":32}},"type":"binary-expr","locations":[{"start":{"line":189,"column":21},"end":{"line":189,"column":32}},{"start":{"line":189,"column":21},"end":{"line":189,"column":32}}]},"10":{"loc":{"start":{"line":194,"column":4},"end":{"line":197,"column":5}},"type":"if","locations":[{"start":{"line":194,"column":4},"end":{"line":197,"column":5}}]}},"s":{"0":1,"1":1,"2":1,"3":1,"4":1,"5":1,"6":1,"7":1,"8":1,"9":2,"10":2,"11":2,"12":3,"13":3,"14":3,"15":3,"16":3,"17":2,"18":1,"19":1,"20":1,"21":1,"22":2,"23":2,"24":3,"25":3,"26":2,"27":1,"28":1,"29":1,"30":1,"31":2,"32":2,"33":4,"34":4,"35":3,"36":1,"37":1,"38":2,"39":2,"40":2,"41":1,"42":1},"f":{"0":2,"1":3,"2":3,"3":3,"4":4},"b":{"0":[2],"1":[2],"2":[2],"3":[2],"4":[2],"5":[2],"6":[1],"7":[1],"8":[3,1],"9":[4,4],"10":[1]}}
,"C:\\Users\\chous\\odyssey\\frontend\\lib\\requests\\playlist-enrollment.ts": {"path":"C:\\Users\\chous\\odyssey\\frontend\\lib\\requests\\playlist-enrollment.ts","statementMap":{"0":{"start":{"line":14,"column":0},"end":{"line":14,"column":7}},"1":{"start":{"line":65,"column":0},"end":{"line":65,"column":7}},"2":{"start":{"line":3,"column":0},"end":{"line":3,"column":52}},"3":{"start":{"line":4,"column":0},"end":{"line":4,"column":74}},"4":{"start":{"line":5,"column":0},"end":{"line":5,"column":44}},"5":{"start":{"line":7,"column":23},"end":{"line":7,"column":61}},"6":{"start":{"line":8,"column":28},"end":{"line":8,"column":59}},"7":{"start":{"line":15,"column":2},"end":{"line":62,"column":3}},"8":{"start":{"line":16,"column":17},"end":{"line":16,"column":39}},"9":{"start":{"line":17,"column":4},"end":{"line":19,"column":5}},"10":{"start":{"line":18,"column":6},"end":{"line":18,"column":48}},"11":{"start":{"line":21,"column":27},"end":{"line":27,"column":6}},"12":{"start":{"line":29,"column":23},"end":{"line":30,"column":null}},"13":{"start":{"line":30,"column":29},"end":{"line":30,"column":48}},"14":{"start":{"line":33,"column":21},"end":{"line":48,"column":null}},"15":{"start":{"line":51,"column":4},"end":{"line":53,"column":5}},"16":{"start":{"line":52,"column":6},"end":{"line":52,"column":53}},"17":{"start":{"line":55,"column":4},"end":{"line":55,"column":40}},"18":{"start":{"line":56,"column":4},"end":{"line":56,"column":41}},"19":{"start":{"line":58,"column":4},"end":{"line":58,"column":29}},"20":{"start":{"line":60,"column":4},"end":{"line":60,"column":63}},"21":{"start":{"line":61,"column":4},"end":{"line":61,"column":68}},"22":{"start":{"line":66,"column":2},"end":{"line":92,"column":3}},"23":{"start":{"line":67,"column":21},"end":{"line":82,"column":null}},"24":{"start":{"line":85,"column":4},"end":{"line":87,"column":5}},"25":{"start":{"line":86,"column":6},"end":{"line":86,"column":52}},"26":{"start":{"line":88,"column":4},"end":{"line":88,"column":29}},"27":{"start":{"line":90,"column":4},"end":{"line":90,"column":54}},"28":{"start":{"line":91,"column":4},"end":{"line":91,"column":69}}},"fnMap":{"0":{"name":"togglePlaylistEnrollment","decl":{"start":{"line":14,"column":22},"end":{"line":14,"column":46}},"loc":{"start":{"line":14,"column":65},"end":{"line":63,"column":1}}},"1":{"name":"(anonymous_1)","decl":{"start":{"line":30,"column":6},"end":{"line":30,"column":7}},"loc":{"start":{"line":30,"column":29},"end":{"line":30,"column":48}}},"2":{"name":"enrollInPlaylist","decl":{"start":{"line":65,"column":22},"end":{"line":65,"column":38}},"loc":{"start":{"line":65,"column":73},"end":{"line":93,"column":1}}}},"branchMap":{"0":{"loc":{"start":{"line":17,"column":4},"end":{"line":19,"column":5}},"type":"if","locations":[{"start":{"line":17,"column":4},"end":{"line":19,"column":5}}]},"1":{"loc":{"start":{"line":17,"column":9},"end":{"line":17,"column":20}},"type":"cond-expr","locations":[{"start":{"line":17,"column":13},"end":{"line":17,"column":15}},{"start":{"line":17,"column":9},"end":{"line":17,"column":20}}]},"2":{"loc":{"start":{"line":17,"column":9},"end":{"line":17,"column":15}},"type":"binary-expr","locations":[{"start":{"line":17,"column":9},"end":{"line":17,"column":15}},{"start":{"line":17,"column":9},"end":{"line":17,"column":15}}]},"3":{"loc":{"start":{"line":29,"column":23},"end":{"line":30,"column":null}},"type":"cond-expr","locations":[{"start":{"line":29,"column":47},"end":{"line":29,"column":49}},{"start":{"line":29,"column":47},"end":{"line":30,"column":null}}]},"4":{"loc":{"start":{"line":29,"column":23},"end":{"line":29,"column":49}},"type":"binary-expr","locations":[{"start":{"line":29,"column":23},"end":{"line":29,"column":49}},{"start":{"line":29,"column":47},"end":{"line":29,"column":49}}]},"5":{"loc":{"start":{"line":44,"column":15},"end":{"line":44,"column":52}},"type":"cond-expr","locations":[{"start":{"line":44,"column":28},"end":{"line":44,"column":40}},{"start":{"line":44,"column":43},"end":{"line":44,"column":52}}]},"6":{"loc":{"start":{"line":51,"column":4},"end":{"line":53,"column":5}},"type":"if","locations":[{"start":{"line":51,"column":4},"end":{"line":53,"column":5}}]},"7":{"loc":{"start":{"line":85,"column":4},"end":{"line":87,"column":5}},"type":"if","locations":[{"start":{"line":85,"column":4},"end":{"line":87,"column":5}}]}},"s":{"0":1,"1":1,"2":1,"3":1,"4":1,"5":1,"6":1,"7":4,"8":4,"9":4,"10":1,"11":3,"12":3,"13":7,"14":3,"15":3,"16":1,"17":2,"18":2,"19":2,"20":2,"21":2,"22":3,"23":3,"24":3,"25":2,"26":1,"27":2,"28":2},"f":{"0":4,"1":7,"2":3},"b":{"0":[1],"1":[1,3],"2":[4,4],"3":[0,3],"4":[3,3],"5":[2,1],"6":[1],"7":[2]}}
,"C:\\Users\\chous\\odyssey\\frontend\\lib\\requests\\playlist.ts": {"path":"C:\\Users\\chous\\odyssey\\frontend\\lib\\requests\\playlist.ts","statementMap":{"0":{"start":{"line":18,"column":0},"end":{"line":18,"column":7}},"1":{"start":{"line":57,"column":0},"end":{"line":57,"column":7}},"2":{"start":{"line":104,"column":0},"end":{"line":104,"column":7}},"3":{"start":{"line":5,"column":0},"end":{"line":5,"column":58}},"4":{"start":{"line":6,"column":0},"end":{"line":6,"column":20}},"5":{"start":{"line":9,"column":2},"end":{"line":9,"column":67}},"6":{"start":{"line":11,"column":2},"end":{"line":11,"column":48}},"7":{"start":{"line":36,"column":15},"end":{"line":36,"column":27}},"8":{"start":{"line":37,"column":20},"end":{"line":43,"column":4}},"9":{"start":{"line":45,"column":2},"end":{"line":48,"column":5}},"10":{"start":{"line":76,"column":15},"end":{"line":76,"column":27}},"11":{"start":{"line":77,"column":20},"end":{"line":88,"column":4}},"12":{"start":{"line":90,"column":20},"end":{"line":93,"column":4}},"13":{"start":{"line":95,"column":2},"end":{"line":95,"column":30}},"14":{"start":{"line":108,"column":2},"end":{"line":129,"column":3}},"15":{"start":{"line":109,"column":18},"end":{"line":114,"column":6}},"16":{"start":{"line":116,"column":21},"end":{"line":121,"column":null}},"17":{"start":{"line":124,"column":17},"end":{"line":124,"column":38}},"18":{"start":{"line":125,"column":4},"end":{"line":125,"column":45}},"19":{"start":{"line":127,"column":4},"end":{"line":127,"column":44}},"20":{"start":{"line":128,"column":4},"end":{"line":128,"column":55}}},"fnMap":{"0":{"name":"getPlaylists","decl":{"start":{"line":18,"column":22},"end":{"line":18,"column":34}},"loc":{"start":{"line":35,"column":27},"end":{"line":49,"column":1}}},"1":{"name":"getPlaylistBySlug","decl":{"start":{"line":57,"column":22},"end":{"line":57,"column":39}},"loc":{"start":{"line":74,"column":29},"end":{"line":96,"column":1}}},"2":{"name":"getPlaylistById","decl":{"start":{"line":104,"column":22},"end":{"line":104,"column":37}},"loc":{"start":{"line":106,"column":71},"end":{"line":130,"column":1}}}},"branchMap":{"0":{"loc":{"start":{"line":9,"column":2},"end":{"line":9,"column":67}},"type":"binary-expr","locations":[{"start":{"line":9,"column":2},"end":{"line":9,"column":40}},{"start":{"line":9,"column":44},"end":{"line":9,"column":67}}]},"1":{"loc":{"start":{"line":11,"column":2},"end":{"line":11,"column":48}},"type":"binary-expr","locations":[{"start":{"line":11,"column":2},"end":{"line":11,"column":42}},{"start":{"line":11,"column":46},"end":{"line":11,"column":48}}]},"2":{"loc":{"start":{"line":18,"column":35},"end":{"line":35,"column":27}},"type":"default-arg","locations":[{"start":{"line":35,"column":25},"end":{"line":35,"column":27}}]},"3":{"loc":{"start":{"line":19,"column":2},"end":{"line":19,"column":21}},"type":"default-arg","locations":[{"start":{"line":19,"column":9},"end":{"line":19,"column":21}}]},"4":{"loc":{"start":{"line":20,"column":2},"end":{"line":20,"column":30}},"type":"default-arg","locations":[{"start":{"line":20,"column":12},"end":{"line":20,"column":30}}]},"5":{"loc":{"start":{"line":21,"column":2},"end":{"line":21,"column":41}},"type":"default-arg","locations":[{"start":{"line":21,"column":15},"end":{"line":21,"column":41}}]},"6":{"loc":{"start":{"line":22,"column":2},"end":{"line":33,"column":null}},"type":"default-arg","locations":[{"start":{"line":22,"column":13},"end":{"line":33,"column":null}}]},"7":{"loc":{"start":{"line":34,"column":2},"end":{"line":34,"column":45}},"type":"default-arg","locations":[{"start":{"line":34,"column":11},"end":{"line":34,"column":45}}]},"8":{"loc":{"start":{"line":59,"column":2},"end":{"line":74,"column":29}},"type":"default-arg","locations":[{"start":{"line":74,"column":27},"end":{"line":74,"column":29}}]},"9":{"loc":{"start":{"line":60,"column":4},"end":{"line":73,"column":null}},"type":"default-arg","locations":[{"start":{"line":60,"column":15},"end":{"line":73,"column":null}}]},"10":{"loc":{"start":{"line":95,"column":9},"end":{"line":95,"column":29}},"type":"binary-expr","locations":[{"start":{"line":95,"column":9},"end":{"line":95,"column":21}},{"start":{"line":95,"column":25},"end":{"line":95,"column":29}}]},"11":{"loc":{"start":{"line":106,"column":2},"end":{"line":106,"column":71}},"type":"default-arg","locations":[{"start":{"line":106,"column":69},"end":{"line":106,"column":71}}]},"12":{"loc":{"start":{"line":106,"column":29},"end":{"line":106,"column":43}},"type":"default-arg","locations":[{"start":{"line":106,"column":38},"end":{"line":106,"column":43}}]}},"s":{"0":1,"1":1,"2":1,"3":1,"4":1,"5":1,"6":1,"7":2,"8":2,"9":2,"10":2,"11":2,"12":2,"13":1,"14":2,"15":2,"16":2,"17":1,"18":1,"19":1,"20":1},"f":{"0":2,"1":2,"2":2},"b":{"0":[1,1],"1":[1,1],"2":[1],"3":[2],"4":[2],"5":[2],"6":[1],"7":[2],"8":[1],"9":[1],"10":[1,0],"11":[2],"12":[2]}}
,"C:\\Users\\chous\\odyssey\\frontend\\lib\\requests\\tag.ts": {"path":"C:\\Users\\chous\\odyssey\\frontend\\lib\\requests\\tag.ts","statementMap":{"0":{"start":{"line":5,"column":0},"end":{"line":5,"column":7}},"1":{"start":{"line":30,"column":0},"end":{"line":30,"column":7}},"2":{"start":{"line":3,"column":0},"end":{"line":3,"column":51}},"3":{"start":{"line":11,"column":15},"end":{"line":11,"column":22}},"4":{"start":{"line":12,"column":20},"end":{"line":25,"column":4}},"5":{"start":{"line":27,"column":2},"end":{"line":27,"column":52}},"6":{"start":{"line":34,"column":15},"end":{"line":34,"column":22}},"7":{"start":{"line":35,"column":20},"end":{"line":38,"column":4}},"8":{"start":{"line":40,"column":2},"end":{"line":40,"column":76}},"9":{"start":{"line":40,"column":67},"end":{"line":40,"column":74}}},"fnMap":{"0":{"name":"getTags","decl":{"start":{"line":5,"column":22},"end":{"line":5,"column":29}},"loc":{"start":{"line":10,"column":27},"end":{"line":28,"column":1}}},"1":{"name":"getTagBySlug","decl":{"start":{"line":30,"column":22},"end":{"line":30,"column":34}},"loc":{"start":{"line":32,"column":26},"end":{"line":41,"column":1}}},"2":{"name":"(anonymous_2)","decl":{"start":{"line":40,"column":57},"end":{"line":40,"column":58}},"loc":{"start":{"line":40,"column":67},"end":{"line":40,"column":74}}}},"branchMap":{"0":{"loc":{"start":{"line":5,"column":30},"end":{"line":10,"column":27}},"type":"default-arg","locations":[{"start":{"line":10,"column":25},"end":{"line":10,"column":27}}]},"1":{"loc":{"start":{"line":8,"column":2},"end":{"line":8,"column":33}},"type":"default-arg","locations":[{"start":{"line":8,"column":11},"end":{"line":8,"column":33}}]}},"s":{"0":1,"1":1,"2":1,"3":2,"4":2,"5":2,"6":2,"7":2,"8":2,"9":1},"f":{"0":2,"1":2,"2":1},"b":{"0":[2],"1":[2]}}
,"C:\\Users\\chous\\odyssey\\frontend\\testing\\mocks\\authorizedUsersMock.js": {"path":"C:\\Users\\chous\\odyssey\\frontend\\testing\\mocks\\authorizedUsersMock.js","statementMap":{"0":{"start":{"line":1,"column":0},"end":{"line":134,"column":2}}},"fnMap":{},"branchMap":{},"s":{"0":4},"f":{},"b":{}}
,"C:\\Users\\chous\\odyssey\\frontend\\testing\\mocks\\enrollmentsMock.js": {"path":"C:\\Users\\chous\\odyssey\\frontend\\testing\\mocks\\enrollmentsMock.js","statementMap":{"0":{"start":{"line":1,"column":0},"end":{"line":111,"column":null}}},"fnMap":{},"branchMap":{},"s":{"0":1},"f":{},"b":{}}
,"C:\\Users\\chous\\odyssey\\frontend\\testing\\mocks\\groupsMock.js": {"path":"C:\\Users\\chous\\odyssey\\frontend\\testing\\mocks\\groupsMock.js","statementMap":{"0":{"start":{"line":1,"column":0},"end":{"line":296,"column":2}}},"fnMap":{},"branchMap":{},"s":{"0":3},"f":{},"b":{}}
,"C:\\Users\\chous\\odyssey\\frontend\\testing\\mocks\\notesMock.js": {"path":"C:\\Users\\chous\\odyssey\\frontend\\testing\\mocks\\notesMock.js","statementMap":{"0":{"start":{"line":1,"column":0},"end":{"line":218,"column":2}}},"fnMap":{},"branchMap":{},"s":{"0":3},"f":{},"b":{}}
,"C:\\Users\\chous\\odyssey\\frontend\\testing\\mocks\\strapiMock.js": {"path":"C:\\Users\\chous\\odyssey\\frontend\\testing\\mocks\\strapiMock.js","statementMap":{"0":{"start":{"line":1,"column":13},"end":{"line":16,"column":2}}},"fnMap":{},"branchMap":{},"s":{"0":4},"f":{},"b":{}}
}
