TN:
SF:lib\globals.ts
FN:1,(anonymous_0)
FN:11,(anonymous_1)
FN:20,(anonymous_2)
FNF:3
FNH:3
FNDA:1,(anonymous_0)
FNDA:1,(anonymous_1)
FNDA:1,(anonymous_2)
DA:1,1
DA:2,1
DA:3,1
DA:4,1
DA:5,1
DA:6,1
DA:7,1
DA:8,1
DA:11,1
DA:12,1
DA:13,1
DA:14,1
DA:15,1
DA:16,1
DA:17,1
DA:20,1
DA:21,1
DA:22,1
DA:23,1
DA:24,1
DA:25,1
DA:28,1
DA:37,1
DA:51,1
DA:58,1
DA:107,1
DA:132,1
LF:27
LH:27
BRDA:1,0,0,1
BRDA:1,0,1,1
BRDA:11,1,0,1
BRDA:11,1,1,1
BRDA:20,2,0,1
BRDA:20,2,1,1
BRF:6
BRH:6
end_of_record
TN:
SF:lib\requests\authorized-user-roles.ts
FN:5,getAuthorizedUserRoleIdByTitle
FN:25,(anonymous_1)
FNF:2
FNH:2
FNDA:2,getAuthorizedUserRoleIdByTitle
FNDA:1,(anonymous_1)
DA:1,1
DA:5,1
DA:9,2
DA:10,2
DA:24,2
DA:25,1
LF:6
LH:6
BRDA:7,0,0,2
BRDA:7,1,0,2
BRF:2
BRH:2
end_of_record
TN:
SF:lib\requests\authorized-user.ts
FN:15,getAuthorizedUserByEmail
FN:93,(anonymous_2)
FN:97,fetchAuthorizedUsers
FN:134,fetchContentCreators
FN:194,fetchWebsiteCreators
FN:247,fetchIsAuthorizedUser
FN:277,getAllAuthorizedUsers
FNF:7
FNH:7
FNDA:1,getAuthorizedUserByEmail
FNDA:1,(anonymous_2)
FNDA:2,fetchAuthorizedUsers
FNDA:2,fetchContentCreators
FNDA:2,fetchWebsiteCreators
FNDA:3,fetchIsAuthorizedUser
FNDA:2,getAllAuthorizedUsers
DA:1,1
DA:4,1
DA:6,1
DA:7,1
DA:15,1
DA:77,1
DA:78,1
DA:92,1
DA:93,1
DA:97,1
DA:98,2
DA:99,2
DA:118,2
DA:125,1
DA:126,1
DA:127,1
DA:129,1
DA:130,1
DA:134,1
DA:135,2
DA:136,2
DA:179,2
DA:186,1
DA:187,1
DA:189,1
DA:190,1
DA:194,1
DA:195,2
DA:196,2
DA:232,2
DA:239,1
DA:240,1
DA:242,1
DA:243,1
DA:247,1
DA:248,3
DA:249,3
DA:261,3
DA:268,2
DA:269,2
DA:270,2
DA:272,1
DA:273,1
DA:277,1
DA:278,2
DA:279,2
DA:288,2
DA:295,1
DA:296,1
DA:297,1
DA:299,1
LF:51
LH:51
BRDA:19,0,0,1
BRDA:22,1,0,1
BRDA:74,2,0,1
BRDA:270,3,0,2
BRDA:270,3,1,1
BRF:5
BRH:5
end_of_record
TN:
SF:lib\requests\data.ts
FN:7,fetchDroplets
FN:33,fetchGroups
FN:79,fetchAccessRequests
FN:112,fetchReports
FNF:4
FNH:4
FNDA:2,fetchDroplets
FNDA:3,fetchGroups
FNDA:2,fetchAccessRequests
FNDA:2,fetchReports
DA:1,1
DA:2,1
DA:4,1
DA:5,1
DA:7,1
DA:8,2
DA:9,2
DA:17,2
DA:24,1
DA:25,1
DA:26,1
DA:28,1
DA:29,1
DA:33,1
DA:34,3
DA:35,3
DA:58,3
DA:66,2
DA:67,1
DA:70,1
DA:71,1
DA:72,1
DA:74,2
DA:75,2
DA:79,1
DA:80,2
DA:81,2
DA:96,2
DA:103,1
DA:104,1
DA:105,1
DA:107,1
DA:108,1
DA:112,1
DA:113,2
DA:114,2
DA:122,2
DA:129,1
DA:130,1
DA:131,1
DA:133,1
DA:134,1
LF:42
LH:42
BRDA:66,0,0,1
BRF:1
BRH:1
end_of_record
TN:
SF:lib\requests\droplet.ts
FN:12,getDroplets
FN:44,getDropletBySlug
FN:73,(anonymous_2)
FN:123,getDropletById
FN:146,(anonymous_4)
FN:150,getDraftDroplets
FNF:6
FNH:6
FNDA:4,getDroplets
FNDA:2,getDropletBySlug
FNDA:1,(anonymous_2)
FNDA:2,getDropletById
FNDA:1,(anonymous_4)
FNDA:2,getDraftDroplets
DA:5,1
DA:12,1
DA:24,4
DA:25,4
DA:32,4
DA:35,2
DA:44,1
DA:53,2
DA:54,2
DA:71,2
DA:73,1
DA:123,1
DA:132,2
DA:133,2
DA:144,2
DA:146,1
DA:150,1
DA:151,2
LF:18
LH:18
BRDA:12,0,0,2
BRDA:14,1,0,2
BRDA:15,2,0,4
BRDA:16,3,0,4
BRDA:22,4,0,4
BRDA:46,5,0,2
BRDA:49,6,0,2
BRDA:50,7,0,2
BRDA:58,8,0,2
BRDA:58,8,1,0
BRDA:125,9,0,2
BRDA:128,10,0,2
BRDA:129,11,0,2
BRF:13
BRH:12
end_of_record
TN:
SF:lib\requests\enrollment.ts
FN:17,getEnrollmentsByAuthorizedUser
FN:63,getIsEnrolled
FN:87,(anonymous_2)
FN:99,getIsEnrollComplete
FN:125,changeEnrollmentRating
FN:171,getEnrollByID
FN:193,(anonymous_6)
FN:205,getDropletAverageRating
FN:230,(anonymous_8)
FNF:9
FNH:9
FNDA:2,getEnrollmentsByAuthorizedUser
FNDA:5,getIsEnrolled
FNDA:3,(anonymous_2)
FNDA:1,getIsEnrollComplete
FNDA:3,changeEnrollmentRating
FNDA:3,getEnrollByID
FNDA:2,(anonymous_6)
FNDA:4,getDropletAverageRating
FNDA:5,(anonymous_8)
DA:5,1
DA:7,1
DA:9,1
DA:17,1
DA:38,2
DA:39,2
DA:49,2
DA:63,1
DA:68,5
DA:69,5
DA:86,5
DA:87,3
DA:99,1
DA:103,1
DA:104,1
DA:117,1
DA:118,1
DA:119,1
DA:121,0
DA:122,0
DA:125,1
DA:129,3
DA:130,3
DA:131,3
DA:132,2
DA:135,1
DA:152,1
DA:153,0
DA:156,1
DA:157,1
DA:159,1
DA:161,2
DA:162,2
DA:171,1
DA:175,3
DA:176,3
DA:190,3
DA:191,3
DA:193,2
DA:195,1
DA:196,1
DA:205,1
DA:208,4
DA:209,4
DA:221,4
DA:222,4
DA:226,3
DA:227,2
DA:230,1
DA:231,5
DA:234,1
DA:236,1
DA:237,1
LF:53
LH:50
BRDA:19,0,0,2
BRDA:22,1,0,2
BRDA:23,2,0,2
BRDA:35,3,0,2
BRDA:66,4,0,5
BRDA:66,5,0,5
BRDA:66,6,0,5
BRDA:119,7,0,1
BRDA:119,7,1,0
BRDA:119,8,0,1
BRDA:119,8,1,1
BRDA:119,9,0,0
BRDA:119,9,1,1
BRDA:119,10,0,1
BRDA:119,10,1,1
BRDA:131,11,0,2
BRDA:131,12,0,2
BRDA:131,12,1,1
BRDA:131,13,0,3
BRDA:131,13,1,3
BRDA:152,14,0,0
BRDA:173,15,0,2
BRDA:173,16,0,2
BRDA:173,17,0,2
BRDA:226,18,0,2
BRDA:226,19,0,3
BRDA:226,19,1,3
BRDA:231,20,0,5
BRDA:231,20,1,0
BRF:29
BRH:25
end_of_record
TN:
SF:lib\requests\feed.ts
FN:11,fetchAnnouncements
FN:131,createFriendAnnouncement
FN:169,createKudosAnnouncement
FN:232,createPlaylistAnnouncement
FN:270,createGroupAnnouncement
FN:305,createDropletAnnouncement
FNF:6
FNH:6
FNDA:2,fetchAnnouncements
FNDA:4,createFriendAnnouncement
FNDA:4,createKudosAnnouncement
FNDA:3,createPlaylistAnnouncement
FNDA:3,createGroupAnnouncement
FNDA:3,createDropletAnnouncement
DA:4,1
DA:5,1
DA:6,1
DA:8,1
DA:9,1
DA:11,1
DA:14,2
DA:15,2
DA:116,2
DA:123,1
DA:124,1
DA:126,1
DA:127,1
DA:131,1
DA:135,4
DA:136,4
DA:137,4
DA:156,3
DA:157,1
DA:158,1
DA:161,2
DA:162,2
DA:164,2
DA:165,2
DA:169,1
DA:173,4
DA:174,4
DA:190,3
DA:191,1
DA:194,2
DA:195,2
DA:198,2
DA:199,2
DA:200,2
DA:219,2
DA:220,1
DA:221,1
DA:224,1
DA:225,1
DA:227,1
DA:228,1
DA:232,1
DA:236,3
DA:237,3
DA:238,3
DA:257,2
DA:258,1
DA:259,1
DA:262,1
DA:263,1
DA:265,2
DA:266,2
DA:270,1
DA:271,3
DA:272,3
DA:273,3
DA:292,2
DA:293,1
DA:294,1
DA:297,1
DA:298,1
DA:300,2
DA:301,2
DA:305,1
DA:306,3
DA:307,3
DA:308,3
DA:327,2
DA:328,1
DA:329,1
DA:332,1
DA:333,1
DA:335,2
DA:336,2
LF:74
LH:74
BRDA:144,0,0,1
BRDA:144,0,1,3
BRDA:156,1,0,1
BRDA:190,2,0,1
BRDA:207,3,0,1
BRDA:207,3,1,1
BRDA:219,4,0,1
BRDA:257,5,0,1
BRDA:292,6,0,1
BRDA:327,7,0,1
BRF:10
BRH:10
end_of_record
TN:
SF:lib\requests\friends.ts
FN:10,fetchFriends
FN:61,(anonymous_2)
FN:63,(anonymous_3)
FN:66,(anonymous_4)
FN:69,(anonymous_5)
FN:75,(anonymous_6)
FN:84,getSentRequest
FN:121,getSentRequestIds
FN:150,(anonymous_9)
FN:157,acceptFriendRequest
FN:210,sendFriendRequest
FN:271,rejectFriendRequest
FN:304,cancelFriendRequest
FN:337,unblockUser
FN:370,BlockUser
FN:403,removeFriend
FN:467,fetchFriendshipsById
FN:524,fetchSuggestionsById
FN:532,(anonymous_19)
FN:534,(anonymous_20)
FN:537,(anonymous_21)
FN:540,(anonymous_22)
FN:548,(anonymous_23)
FN:554,(anonymous_24)
FN:556,(anonymous_25)
FN:560,(anonymous_26)
FN:563,(anonymous_27)
FN:567,(anonymous_28)
FN:573,(anonymous_29)
FNF:29
FNH:16
FNDA:3,fetchFriends
FNDA:4,(anonymous_2)
FNDA:8,(anonymous_3)
FNDA:0,(anonymous_4)
FNDA:2,(anonymous_5)
FNDA:3,(anonymous_6)
FNDA:3,getSentRequest
FNDA:2,getSentRequestIds
FNDA:2,(anonymous_9)
FNDA:4,acceptFriendRequest
FNDA:4,sendFriendRequest
FNDA:3,rejectFriendRequest
FNDA:3,cancelFriendRequest
FNDA:3,unblockUser
FNDA:3,BlockUser
FNDA:4,removeFriend
FNDA:3,fetchFriendshipsById
FNDA:0,fetchSuggestionsById
FNDA:0,(anonymous_19)
FNDA:0,(anonymous_20)
FNDA:0,(anonymous_21)
FNDA:0,(anonymous_22)
FNDA:0,(anonymous_23)
FNDA:0,(anonymous_24)
FNDA:0,(anonymous_25)
FNDA:0,(anonymous_26)
FNDA:0,(anonymous_27)
FNDA:0,(anonymous_28)
FNDA:0,(anonymous_29)
DA:2,1
DA:4,1
DA:5,1
DA:7,1
DA:8,1
DA:10,1
DA:13,3
DA:14,3
DA:51,3
DA:58,2
DA:59,2
DA:61,2
DA:62,4
DA:64,8
DA:66,0
DA:69,2
DA:73,2
DA:75,3
DA:79,1
DA:80,1
DA:84,1
DA:88,3
DA:89,3
DA:104,3
DA:111,2
DA:112,2
DA:114,2
DA:116,1
DA:117,1
DA:121,1
DA:124,2
DA:125,2
DA:140,2
DA:147,1
DA:148,1
DA:150,2
DA:152,1
DA:153,1
DA:157,1
DA:158,4
DA:159,4
DA:160,4
DA:176,3
DA:177,1
DA:178,1
DA:180,2
DA:198,2
DA:199,1
DA:200,1
DA:202,1
DA:203,1
DA:205,3
DA:206,3
DA:210,1
DA:214,4
DA:215,4
DA:216,4
DA:234,3
DA:235,1
DA:236,1
DA:240,2
DA:258,2
DA:259,1
DA:260,1
DA:263,1
DA:264,1
DA:266,3
DA:267,3
DA:271,1
DA:272,3
DA:273,3
DA:274,3
DA:292,2
DA:293,1
DA:294,1
DA:296,1
DA:297,1
DA:299,2
DA:300,2
DA:304,1
DA:305,3
DA:306,3
DA:307,3
DA:325,2
DA:326,1
DA:327,1
DA:329,1
DA:330,1
DA:332,2
DA:333,2
DA:337,1
DA:338,3
DA:339,3
DA:340,3
DA:358,2
DA:359,1
DA:360,1
DA:362,1
DA:363,1
DA:365,2
DA:366,2
DA:370,1
DA:371,3
DA:372,3
DA:373,3
DA:391,2
DA:392,1
DA:393,1
DA:395,1
DA:396,1
DA:398,2
DA:399,2
DA:403,1
DA:404,4
DA:405,4
DA:406,4
DA:427,4
DA:436,3
DA:437,3
DA:439,3
DA:440,1
DA:441,1
DA:444,2
DA:455,2
DA:456,1
DA:457,1
DA:459,1
DA:460,1
DA:462,3
DA:463,3
DA:467,1
DA:470,3
DA:471,3
DA:508,3
DA:515,2
DA:516,1
DA:517,1
DA:519,2
DA:520,2
DA:524,1
DA:527,0
DA:529,0
DA:532,0
DA:533,0
DA:535,0
DA:538,0
DA:540,0
DA:547,0
DA:550,0
DA:553,0
DA:555,0
DA:557,0
DA:560,0
DA:563,0
DA:567,0
DA:572,0
DA:573,0
DA:576,0
DA:578,0
DA:579,0
LF:160
LH:139
BRDA:64,0,0,8
BRDA:64,0,1,4
BRDA:64,0,2,4
BRDA:176,1,0,1
BRDA:198,2,0,1
BRDA:234,3,0,1
BRDA:258,4,0,1
BRDA:292,5,0,1
BRDA:325,6,0,1
BRDA:358,7,0,1
BRDA:391,8,0,1
BRDA:439,9,0,1
BRDA:455,10,0,1
BRDA:535,11,0,0
BRDA:535,11,1,0
BRDA:538,12,0,0
BRDA:538,12,1,0
BRDA:557,13,0,0
BRDA:557,13,1,0
BRDA:557,13,2,0
BRDA:557,13,3,0
BRDA:567,14,0,0
BRDA:567,14,1,0
BRDA:567,15,0,0
BRDA:567,15,1,0
BRF:25
BRH:13
end_of_record
TN:
SF:lib\requests\groups.ts
FN:23,getManagedGroups
FN:75,getGroupBySlug
FN:115,(anonymous_2)
FN:124,getGroupByID
FN:177,(anonymous_4)
FN:186,getUserGroups
FN:238,updateGroupMembers
FN:271,addGroupMembers
FN:284,removeGroupMembers
FN:297,changeGroupMemberRole
FN:315,createGroup
FN:343,(anonymous_11)
FN:346,(anonymous_12)
FN:376,(anonymous_13)
FN:379,(anonymous_14)
FN:391,getGroupBySlugV2
FN:444,updateGroup
FN:500,(anonymous_17)
FN:506,(anonymous_18)
FN:513,(anonymous_19)
FN:513,(anonymous_20)
FN:517,(anonymous_21)
FN:524,(anonymous_22)
FN:533,(anonymous_23)
FN:550,ensureAuthorizedUsers
FN:579,createAuthorizedUserInGroup
FN:631,enrollUsers
FN:633,(anonymous_27)
FN:634,(anonymous_28)
FN:647,(anonymous_29)
FN:649,(anonymous_30)
FN:671,assignDropletDueDate
FN:683,(anonymous_32)
FN:756,(anonymous_33)
FN:777,assignPlaylistDueDate
FN:789,(anonymous_35)
FN:863,(anonymous_36)
FN:885,getGroupDueDate
FN:911,getGroupDueDates
FN:950,getUserDueDates
FNF:40
FNH:40
FNDA:3,getManagedGroups
FNDA:4,getGroupBySlug
FNDA:3,(anonymous_2)
FNDA:3,getGroupByID
FNDA:2,(anonymous_4)
FNDA:3,getUserGroups
FNDA:13,updateGroupMembers
FNDA:3,addGroupMembers
FNDA:3,removeGroupMembers
FNDA:3,changeGroupMemberRole
FNDA:4,createGroup
FNDA:4,(anonymous_11)
FNDA:4,(anonymous_12)
FNDA:2,(anonymous_13)
FNDA:2,(anonymous_14)
FNDA:4,getGroupBySlugV2
FNDA:5,updateGroup
FNDA:2,(anonymous_17)
FNDA:1,(anonymous_18)
FNDA:4,(anonymous_19)
FNDA:4,(anonymous_20)
FNDA:4,(anonymous_21)
FNDA:2,(anonymous_22)
FNDA:2,(anonymous_23)
FNDA:5,ensureAuthorizedUsers
FNDA:5,createAuthorizedUserInGroup
FNDA:4,enrollUsers
FNDA:4,(anonymous_27)
FNDA:6,(anonymous_28)
FNDA:2,(anonymous_29)
FNDA:4,(anonymous_30)
FNDA:4,assignDropletDueDate
FNDA:3,(anonymous_32)
FNDA:2,(anonymous_33)
FNDA:3,assignPlaylistDueDate
FNDA:2,(anonymous_35)
FNDA:1,(anonymous_36)
FNDA:5,getGroupDueDate
FNDA:6,getGroupDueDates
FNDA:7,getUserDueDates
DA:5,1
DA:6,1
DA:8,1
DA:9,1
DA:10,1
DA:11,1
DA:12,1
DA:14,1
DA:15,1
DA:23,1
DA:46,3
DA:47,3
DA:62,3
DA:75,1
DA:95,4
DA:96,4
DA:112,4
DA:115,3
DA:124,1
DA:159,3
DA:160,3
DA:171,3
DA:172,3
DA:174,3
DA:177,2
DA:186,1
DA:209,3
DA:210,3
DA:226,3
DA:238,1
DA:245,13
DA:246,13
DA:250,13
DA:252,13
DA:253,9
DA:256,13
DA:257,8
DA:260,13
DA:271,1
DA:276,3
DA:284,1
DA:289,3
DA:297,1
DA:303,3
DA:315,1
DA:333,4
DA:341,4
DA:343,4
DA:344,4
DA:345,2
DA:346,4
DA:351,4
DA:360,4
DA:376,2
DA:379,2
DA:383,4
DA:391,1
DA:427,4
DA:428,4
DA:436,4
DA:441,3
DA:444,1
DA:486,5
DA:489,5
DA:492,5
DA:493,5
DA:494,5
DA:495,5
DA:498,5
DA:499,1
DA:500,2
DA:504,5
DA:505,1
DA:506,1
DA:510,5
DA:512,3
DA:513,4
DA:516,3
DA:517,4
DA:522,5
DA:523,1
DA:524,2
DA:531,5
DA:532,1
DA:533,2
DA:539,5
DA:541,5
DA:553,5
DA:555,5
DA:556,8
DA:558,8
DA:559,8
DA:560,7
DA:563,1
DA:564,1
DA:565,1
DA:569,0
DA:573,5
DA:579,1
DA:583,5
DA:586,5
DA:596,5
DA:597,5
DA:606,4
DA:608,4
DA:609,2
DA:616,2
DA:622,1
DA:623,1
DA:631,1
DA:632,4
DA:633,4
DA:634,4
DA:635,6
DA:636,6
DA:640,6
DA:642,1
DA:647,4
DA:648,2
DA:649,2
DA:650,4
DA:651,4
DA:655,4
DA:657,0
DA:664,0
DA:665,0
DA:671,1
DA:676,4
DA:678,4
DA:679,1
DA:683,3
DA:685,3
DA:694,2
DA:696,2
DA:698,1
DA:699,1
DA:715,1
DA:716,0
DA:720,0
DA:724,1
DA:740,1
DA:741,1
DA:745,1
DA:749,1
DA:753,3
DA:756,2
DA:758,2
DA:759,1
DA:765,1
DA:766,1
DA:767,1
DA:768,1
DA:770,1
DA:772,1
DA:773,1
DA:777,1
DA:782,3
DA:784,3
DA:785,1
DA:789,2
DA:791,2
DA:801,1
DA:803,1
DA:805,0
DA:806,0
DA:822,0
DA:823,0
DA:827,0
DA:831,1
DA:847,1
DA:848,1
DA:852,1
DA:856,0
DA:860,2
DA:863,1
DA:865,1
DA:866,1
DA:872,0
DA:873,0
DA:874,0
DA:875,0
DA:877,0
DA:879,1
DA:880,1
DA:885,1
DA:886,5
DA:887,5
DA:904,4
DA:906,1
DA:907,1
DA:911,1
DA:921,6
DA:922,6
DA:940,6
DA:950,1
DA:960,7
DA:961,7
DA:980,7
LF:198
LH:181
BRDA:25,0,0,2
BRDA:26,1,0,2
BRDA:27,2,0,3
BRDA:28,3,0,2
BRDA:29,4,0,3
BRDA:43,5,0,2
BRDA:78,6,0,3
BRDA:79,7,0,3
BRDA:115,8,0,3
BRDA:115,8,1,2
BRDA:126,9,0,2
BRDA:127,10,0,2
BRDA:188,11,0,2
BRDA:189,12,0,2
BRDA:190,13,0,2
BRDA:191,14,0,2
BRDA:192,15,0,3
BRDA:206,16,0,3
BRDA:252,17,0,9
BRDA:256,18,0,8
BRDA:274,19,0,2
BRDA:287,20,0,2
BRDA:337,21,0,3
BRDA:344,22,0,2
BRDA:344,23,0,4
BRDA:344,23,1,2
BRDA:354,24,0,2
BRDA:354,24,1,2
BRDA:354,25,0,4
BRDA:354,25,1,4
BRDA:355,26,0,2
BRDA:355,26,1,2
BRDA:355,27,0,4
BRDA:355,27,1,4
BRDA:356,28,0,2
BRDA:356,28,1,2
BRDA:356,29,0,4
BRDA:356,29,1,4
BRDA:366,30,0,4
BRDA:366,30,1,1
BRDA:369,31,0,4
BRDA:369,31,1,1
BRDA:372,32,0,4
BRDA:372,32,1,2
BRDA:375,33,0,4
BRDA:375,33,1,1
BRDA:378,34,0,4
BRDA:378,34,1,1
BRDA:393,35,0,3
BRDA:394,36,0,3
BRDA:424,37,0,3
BRDA:441,38,0,3
BRDA:441,38,1,1
BRDA:492,39,0,4
BRDA:493,40,0,2
BRDA:494,41,0,1
BRDA:495,42,0,1
BRDA:498,43,0,1
BRDA:504,44,0,1
BRDA:510,45,0,3
BRDA:522,46,0,1
BRDA:531,47,0,1
BRDA:559,48,0,7
BRDA:559,48,1,1
BRDA:564,49,0,1
BRDA:564,50,0,1
BRDA:564,50,1,1
BRDA:581,51,0,4
BRDA:608,52,0,2
BRDA:608,53,0,4
BRDA:608,53,1,3
BRDA:608,53,2,3
BRDA:611,54,0,2
BRDA:611,54,1,0
BRDA:611,55,0,0
BRDA:611,55,1,2
BRDA:611,56,0,2
BRDA:611,56,1,2
BRDA:633,57,0,4
BRDA:633,57,1,0
BRDA:633,58,0,0
BRDA:633,58,1,4
BRDA:633,59,0,4
BRDA:633,59,1,4
BRDA:634,60,0,4
BRDA:634,60,1,0
BRDA:634,61,0,0
BRDA:634,61,1,4
BRDA:634,62,0,4
BRDA:634,62,1,4
BRDA:642,63,0,1
BRDA:642,63,1,1
BRDA:647,64,0,4
BRDA:647,64,1,0
BRDA:647,65,0,0
BRDA:647,65,1,4
BRDA:647,66,0,4
BRDA:647,66,1,4
BRDA:649,67,0,2
BRDA:649,67,1,0
BRDA:649,68,0,0
BRDA:649,68,1,2
BRDA:649,69,0,2
BRDA:649,69,1,2
BRDA:657,70,0,0
BRDA:657,70,1,0
BRDA:657,71,0,0
BRDA:657,71,1,0
BRDA:678,72,0,1
BRDA:678,73,0,4
BRDA:678,73,1,4
BRDA:696,74,0,1
BRDA:696,74,1,1
BRDA:696,75,0,2
BRDA:696,75,1,2
BRDA:715,76,0,0
BRDA:740,77,0,1
BRDA:758,78,0,1
BRDA:784,79,0,1
BRDA:784,80,0,3
BRDA:784,80,1,3
BRDA:803,81,0,0
BRDA:803,81,1,1
BRDA:803,82,0,1
BRDA:803,82,1,1
BRDA:822,83,0,0
BRDA:847,84,0,1
BRDA:865,85,0,1
BRDA:893,86,0,4
BRDA:893,86,1,1
BRDA:913,87,0,3
BRDA:914,88,0,5
BRDA:916,89,0,5
BRDA:935,90,0,6
BRDA:935,90,1,5
BRDA:952,91,0,4
BRDA:953,92,0,6
BRDA:955,93,0,6
BRDA:974,94,0,7
BRDA:974,94,1,6
BRF:140
BRH:123
end_of_record
TN:
SF:lib\requests\highlights.ts
FN:7,getHighlights
FN:40,getHighlightsByDroplet
FNF:2
FNH:2
FNDA:4,getHighlights
FNDA:5,getHighlightsByDroplet
DA:5,1
DA:7,1
DA:16,4
DA:17,4
DA:34,4
DA:40,1
DA:49,5
DA:50,5
DA:76,5
LF:9
LH:9
BRDA:10,0,0,3
BRDA:12,1,0,3
BRDA:13,2,0,3
BRDA:43,3,0,4
BRDA:44,4,0,4
BRDA:45,5,0,4
BRDA:46,6,0,4
BRF:7
BRH:7
end_of_record
TN:
SF:lib\requests\lesson.ts
FN:11,getLessonBySlug
FN:38,(anonymous_1)
FNF:2
FNH:2
FNDA:2,getLessonBySlug
FNDA:1,(anonymous_1)
DA:3,1
DA:11,1
DA:15,2
DA:16,2
DA:35,2
DA:38,1
LF:6
LH:6
BRDA:13,0,0,2
BRDA:13,1,0,2
BRF:2
BRH:2
end_of_record
TN:
SF:lib\requests\notes.ts
FN:16,getNotesByAuthorizedUserAndLesson
FN:53,getNotesByDroplet
FN:100,updateNoteContent
FN:132,updateNotePosition
FN:164,createNote
FNF:5
FNH:5
FNDA:2,getNotesByAuthorizedUserAndLesson
FNDA:3,getNotesByDroplet
FNDA:3,updateNoteContent
FNDA:3,updateNotePosition
FNDA:4,createNote
DA:5,1
DA:6,1
DA:8,1
DA:9,1
DA:16,1
DA:25,2
DA:26,2
DA:47,2
DA:53,1
DA:62,3
DA:63,3
DA:94,3
DA:100,1
DA:101,3
DA:102,3
DA:118,2
DA:119,1
DA:122,1
DA:123,1
DA:125,1
DA:127,2
DA:128,2
DA:132,1
DA:133,3
DA:134,3
DA:150,2
DA:151,1
DA:154,1
DA:155,1
DA:157,1
DA:159,2
DA:160,2
DA:164,1
DA:171,4
DA:172,4
DA:194,3
DA:195,1
DA:196,1
DA:199,2
DA:200,2
DA:201,2
DA:203,1
DA:204,1
LF:43
LH:43
BRDA:19,0,0,2
BRDA:21,1,0,2
BRDA:22,2,0,2
BRDA:56,3,0,2
BRDA:58,4,0,2
BRDA:59,5,0,2
BRDA:118,6,0,1
BRDA:150,7,0,1
BRDA:189,8,0,3
BRDA:189,8,1,1
BRDA:189,9,0,4
BRDA:189,9,1,4
BRDA:194,10,0,1
BRF:13
BRH:13
end_of_record
TN:
SF:lib\requests\playlist-enrollment.ts
FN:14,togglePlaylistEnrollment
FN:30,(anonymous_1)
FN:65,enrollInPlaylist
FNF:3
FNH:3
FNDA:4,togglePlaylistEnrollment
FNDA:7,(anonymous_1)
FNDA:3,enrollInPlaylist
DA:3,1
DA:4,1
DA:5,1
DA:7,1
DA:8,1
DA:14,1
DA:15,4
DA:16,4
DA:17,4
DA:18,1
DA:21,3
DA:29,3
DA:30,7
DA:33,3
DA:51,3
DA:52,1
DA:55,2
DA:56,2
DA:58,2
DA:60,2
DA:61,2
DA:65,1
DA:66,3
DA:67,3
DA:85,3
DA:86,2
DA:88,1
DA:90,2
DA:91,2
LF:29
LH:29
BRDA:17,0,0,1
BRDA:17,1,0,1
BRDA:17,1,1,3
BRDA:17,2,0,4
BRDA:17,2,1,4
BRDA:29,3,0,0
BRDA:29,3,1,3
BRDA:29,4,0,3
BRDA:29,4,1,3
BRDA:44,5,0,2
BRDA:44,5,1,1
BRDA:51,6,0,1
BRDA:85,7,0,2
BRF:13
BRH:12
end_of_record
TN:
SF:lib\requests\playlist.ts
FN:18,getPlaylists
FN:57,getPlaylistBySlug
FN:104,getPlaylistById
FNF:3
FNH:3
FNDA:2,getPlaylists
FNDA:2,getPlaylistBySlug
FNDA:2,getPlaylistById
DA:5,1
DA:6,1
DA:9,1
DA:11,1
DA:18,1
DA:36,2
DA:37,2
DA:45,2
DA:57,1
DA:76,2
DA:77,2
DA:90,2
DA:95,1
DA:104,1
DA:108,2
DA:109,2
DA:116,2
DA:124,1
DA:125,1
DA:127,1
DA:128,1
LF:21
LH:21
BRDA:9,0,0,1
BRDA:9,0,1,1
BRDA:11,1,0,1
BRDA:11,1,1,1
BRDA:18,2,0,1
BRDA:19,3,0,2
BRDA:20,4,0,2
BRDA:21,5,0,2
BRDA:22,6,0,1
BRDA:34,7,0,2
BRDA:59,8,0,1
BRDA:60,9,0,1
BRDA:95,10,0,1
BRDA:95,10,1,0
BRDA:106,11,0,2
BRDA:106,12,0,2
BRF:16
BRH:15
end_of_record
TN:
SF:lib\requests\tag.ts
FN:5,getTags
FN:30,getTagBySlug
FN:40,(anonymous_2)
FNF:3
FNH:3
FNDA:2,getTags
FNDA:2,getTagBySlug
FNDA:1,(anonymous_2)
DA:3,1
DA:5,1
DA:11,2
DA:12,2
DA:27,2
DA:30,1
DA:34,2
DA:35,2
DA:40,2
LF:9
LH:9
BRDA:5,0,0,2
BRDA:8,1,0,2
BRF:2
BRH:2
end_of_record
TN:
SF:testing\mocks\authorizedUsersMock.js
FNF:0
FNH:0
DA:1,4
LF:1
LH:1
BRF:0
BRH:0
end_of_record
TN:
SF:testing\mocks\enrollmentsMock.js
FNF:0
FNH:0
DA:1,1
LF:1
LH:1
BRF:0
BRH:0
end_of_record
TN:
SF:testing\mocks\groupsMock.js
FNF:0
FNH:0
DA:1,3
LF:1
LH:1
BRF:0
BRH:0
end_of_record
TN:
SF:testing\mocks\notesMock.js
FNF:0
FNH:0
DA:1,3
LF:1
LH:1
BRF:0
BRH:0
end_of_record
TN:
SF:testing\mocks\strapiMock.js
FNF:0
FNH:0
DA:1,4
LF:1
LH:1
BRF:0
BRH:0
end_of_record
